{"uuid":"1b1fda89-1be3-459d-9b66-e628082da588","historyId":"65b2ffc7aa412298850e8d7662f850b8","fullName":"src/test/java/features/Array.feature:16","labels":[{"name":"tag","value":"array"},{"name":"tag","value":"testcase43"},{"name":"host","value":"LAPTOP-68FQM03A"},{"name":"thread","value":"24040@LAPTOP-68FQM03A.TestNG-PoolService-0(19)"},{"name":"feature","value":"array"},{"name":"story","value":"user navigates to arrays in python page and tries to run code"},{"name":"suite","value":"array"},{"name":"testClass","value":"user navigates to arrays in python page and tries to run code"},{"name":"framework","value":"cucumber4jvm"},{"name":"language","value":"java"},{"name":"gherkin_uri","value":"file:///C:/Users/sheet/eclipse-workspace/DSALGO/src/test/java/features/Array.feature"},{"name":"package","value":"src.test.java.features.Array_feature.array"}],"links":[],"name":"user navigates to arrays in python page and tries to run code","status":"broken","statusDetails":{"known":false,"muted":false,"flaky":false,"message":"invalid session id\nBuild info: version: '4.11.0', revision: '040bc5406b'\nSystem info: os.name: 'Windows 11', os.arch: 'amd64', os.version: '10.0', java.version: '17.0.8'\nDriver info: org.openqa.selenium.chrome.ChromeDriver\nCommand: [f74423b97ff83667ac2579c6c04019aa, sendKeysToElement {id=BC99C864B65EA45565C3E77F7212CF8C_element_14, value=[Ljava.lang.CharSequence;@417e6309}]\nCapabilities {acceptInsecureCerts: false, browserName: chrome, browserVersion: 118.0.5993.70, chrome: {chromedriverVersion: 118.0.5993.70 (e52f33f30b91..., userDataDir: C:\\WINDOWS\\SystemTemp\\scope...}, fedcm:accounts: true, goog:chromeOptions: {debuggerAddress: localhost:62568}, networkConnectionEnabled: false, pageLoadStrategy: normal, platformName: windows, proxy: Proxy(), se:cdp: ws://localhost:62568/devtoo..., se:cdpVersion: 118.0.5993.70, setWindowRect: true, strictFileInteractability: false, timeouts: {implicit: 0, pageLoad: 300000, script: 30000}, unhandledPromptBehavior: dismiss and notify, webauthn:extension:credBlob: true, webauthn:extension:largeBlob: true, webauthn:extension:minPinLength: true, webauthn:extension:prf: true, webauthn:virtualAuthenticators: true}\nElement: [[ChromeDriver: chrome on windows (f74423b97ff83667ac2579c6c04019aa)] -> xpath: //input[@name='username']]\nSession ID: f74423b97ff83667ac2579c6c04019aa","trace":"org.openqa.selenium.NoSuchSessionException: invalid session id\nBuild info: version: '4.11.0', revision: '040bc5406b'\nSystem info: os.name: 'Windows 11', os.arch: 'amd64', os.version: '10.0', java.version: '17.0.8'\nDriver info: org.openqa.selenium.chrome.ChromeDriver\nCommand: [f74423b97ff83667ac2579c6c04019aa, sendKeysToElement {id=BC99C864B65EA45565C3E77F7212CF8C_element_14, value=[Ljava.lang.CharSequence;@417e6309}]\nCapabilities {acceptInsecureCerts: false, browserName: chrome, browserVersion: 118.0.5993.70, chrome: {chromedriverVersion: 118.0.5993.70 (e52f33f30b91..., userDataDir: C:\\WINDOWS\\SystemTemp\\scope...}, fedcm:accounts: true, goog:chromeOptions: {debuggerAddress: localhost:62568}, networkConnectionEnabled: false, pageLoadStrategy: normal, platformName: windows, proxy: Proxy(), se:cdp: ws://localhost:62568/devtoo..., se:cdpVersion: 118.0.5993.70, setWindowRect: true, strictFileInteractability: false, timeouts: {implicit: 0, pageLoad: 300000, script: 30000}, unhandledPromptBehavior: dismiss and notify, webauthn:extension:credBlob: true, webauthn:extension:largeBlob: true, webauthn:extension:minPinLength: true, webauthn:extension:prf: true, webauthn:virtualAuthenticators: true}\nElement: [[ChromeDriver: chrome on windows (f74423b97ff83667ac2579c6c04019aa)] -> xpath: //input[@name='username']]\nSession ID: f74423b97ff83667ac2579c6c04019aa\r\n\tat java.base/jdk.internal.reflect.NativeConstructorAccessorImpl.newInstance0(Native Method)\r\n\tat java.base/jdk.internal.reflect.NativeConstructorAccessorImpl.newInstance(NativeConstructorAccessorImpl.java:77)\r\n\tat java.base/jdk.internal.reflect.DelegatingConstructorAccessorImpl.newInstance(DelegatingConstructorAccessorImpl.java:45)\r\n\tat java.base/java.lang.reflect.Constructor.newInstanceWithCaller(Constructor.java:499)\r\n\tat java.base/java.lang.reflect.Constructor.newInstance(Constructor.java:480)\r\n\tat org.openqa.selenium.remote.codec.w3c.W3CHttpResponseCodec.createException(W3CHttpResponseCodec.java:200)\r\n\tat org.openqa.selenium.remote.codec.w3c.W3CHttpResponseCodec.decode(W3CHttpResponseCodec.java:133)\r\n\tat org.openqa.selenium.remote.codec.w3c.W3CHttpResponseCodec.decode(W3CHttpResponseCodec.java:52)\r\n\tat org.openqa.selenium.remote.HttpCommandExecutor.execute(HttpCommandExecutor.java:191)\r\n\tat org.openqa.selenium.remote.service.DriverCommandExecutor.invokeExecute(DriverCommandExecutor.java:196)\r\n\tat org.openqa.selenium.remote.service.DriverCommandExecutor.execute(DriverCommandExecutor.java:171)\r\n\tat org.openqa.selenium.remote.RemoteWebDriver.execute(RemoteWebDriver.java:518)\r\n\tat org.openqa.selenium.remote.RemoteWebElement.execute(RemoteWebElement.java:224)\r\n\tat org.openqa.selenium.remote.RemoteWebElement.sendKeys(RemoteWebElement.java:111)\r\n\tat pageObjectsTest.LoginPagetest.validUsername(LoginPagetest.java:56)\r\n\tat stepdefinations.LoginStepstest.user_enters_the_valid_username(LoginStepstest.java:101)\r\n\tat âœ½.user enters the Valid Username(file:///C:/Users/sheet/eclipse-workspace/DSALGO/src/test/java/features/Array.feature:10)\r\n"},"stage":"finished","description":"  I want to use this feature to test the page functionality","steps":[{"name":"Given  user Launch the Browser","status":"passed","statusDetails":{"known":false,"muted":false,"flaky":false},"stage":"finished","steps":[],"attachments":[],"parameters":[],"start":1697491367905,"stop":1697491367906},{"name":"When  user open the Homepage of dsportal and click get started button","status":"passed","statusDetails":{"known":false,"muted":false,"flaky":false},"stage":"finished","steps":[],"attachments":[],"parameters":[],"start":1697491367907,"stop":1697491371356},{"name":"When  user Navigate to Sign in button","status":"passed","statusDetails":{"known":false,"muted":false,"flaky":false},"stage":"finished","steps":[],"attachments":[],"parameters":[],"start":1697491371356,"stop":1697491375436},{"name":"When  user enters the Valid Username","status":"broken","statusDetails":{"known":false,"muted":false,"flaky":false,"message":"invalid session id\nBuild info: version: '4.11.0', revision: '040bc5406b'\nSystem info: os.name: 'Windows 11', os.arch: 'amd64', os.version: '10.0', java.version: '17.0.8'\nDriver info: org.openqa.selenium.chrome.ChromeDriver\nCommand: [f74423b97ff83667ac2579c6c04019aa, sendKeysToElement {id=BC99C864B65EA45565C3E77F7212CF8C_element_14, value=[Ljava.lang.CharSequence;@417e6309}]\nCapabilities {acceptInsecureCerts: false, browserName: chrome, browserVersion: 118.0.5993.70, chrome: {chromedriverVersion: 118.0.5993.70 (e52f33f30b91..., userDataDir: C:\\WINDOWS\\SystemTemp\\scope...}, fedcm:accounts: true, goog:chromeOptions: {debuggerAddress: localhost:62568}, networkConnectionEnabled: false, pageLoadStrategy: normal, platformName: windows, proxy: Proxy(), se:cdp: ws://localhost:62568/devtoo..., se:cdpVersion: 118.0.5993.70, setWindowRect: true, strictFileInteractability: false, timeouts: {implicit: 0, pageLoad: 300000, script: 30000}, unhandledPromptBehavior: dismiss and notify, webauthn:extension:credBlob: true, webauthn:extension:largeBlob: true, webauthn:extension:minPinLength: true, webauthn:extension:prf: true, webauthn:virtualAuthenticators: true}\nElement: [[ChromeDriver: chrome on windows (f74423b97ff83667ac2579c6c04019aa)] -> xpath: //input[@name='username']]\nSession ID: f74423b97ff83667ac2579c6c04019aa","trace":"org.openqa.selenium.NoSuchSessionException: invalid session id\nBuild info: version: '4.11.0', revision: '040bc5406b'\nSystem info: os.name: 'Windows 11', os.arch: 'amd64', os.version: '10.0', java.version: '17.0.8'\nDriver info: org.openqa.selenium.chrome.ChromeDriver\nCommand: [f74423b97ff83667ac2579c6c04019aa, sendKeysToElement {id=BC99C864B65EA45565C3E77F7212CF8C_element_14, value=[Ljava.lang.CharSequence;@417e6309}]\nCapabilities {acceptInsecureCerts: false, browserName: chrome, browserVersion: 118.0.5993.70, chrome: {chromedriverVersion: 118.0.5993.70 (e52f33f30b91..., userDataDir: C:\\WINDOWS\\SystemTemp\\scope...}, fedcm:accounts: true, goog:chromeOptions: {debuggerAddress: localhost:62568}, networkConnectionEnabled: false, pageLoadStrategy: normal, platformName: windows, proxy: Proxy(), se:cdp: ws://localhost:62568/devtoo..., se:cdpVersion: 118.0.5993.70, setWindowRect: true, strictFileInteractability: false, timeouts: {implicit: 0, pageLoad: 300000, script: 30000}, unhandledPromptBehavior: dismiss and notify, webauthn:extension:credBlob: true, webauthn:extension:largeBlob: true, webauthn:extension:minPinLength: true, webauthn:extension:prf: true, webauthn:virtualAuthenticators: true}\nElement: [[ChromeDriver: chrome on windows (f74423b97ff83667ac2579c6c04019aa)] -> xpath: //input[@name='username']]\nSession ID: f74423b97ff83667ac2579c6c04019aa\r\n\tat java.base/jdk.internal.reflect.NativeConstructorAccessorImpl.newInstance0(Native Method)\r\n\tat java.base/jdk.internal.reflect.NativeConstructorAccessorImpl.newInstance(NativeConstructorAccessorImpl.java:77)\r\n\tat java.base/jdk.internal.reflect.DelegatingConstructorAccessorImpl.newInstance(DelegatingConstructorAccessorImpl.java:45)\r\n\tat java.base/java.lang.reflect.Constructor.newInstanceWithCaller(Constructor.java:499)\r\n\tat java.base/java.lang.reflect.Constructor.newInstance(Constructor.java:480)\r\n\tat org.openqa.selenium.remote.codec.w3c.W3CHttpResponseCodec.createException(W3CHttpResponseCodec.java:200)\r\n\tat org.openqa.selenium.remote.codec.w3c.W3CHttpResponseCodec.decode(W3CHttpResponseCodec.java:133)\r\n\tat org.openqa.selenium.remote.codec.w3c.W3CHttpResponseCodec.decode(W3CHttpResponseCodec.java:52)\r\n\tat org.openqa.selenium.remote.HttpCommandExecutor.execute(HttpCommandExecutor.java:191)\r\n\tat org.openqa.selenium.remote.service.DriverCommandExecutor.invokeExecute(DriverCommandExecutor.java:196)\r\n\tat org.openqa.selenium.remote.service.DriverCommandExecutor.execute(DriverCommandExecutor.java:171)\r\n\tat org.openqa.selenium.remote.RemoteWebDriver.execute(RemoteWebDriver.java:518)\r\n\tat org.openqa.selenium.remote.RemoteWebElement.execute(RemoteWebElement.java:224)\r\n\tat org.openqa.selenium.remote.RemoteWebElement.sendKeys(RemoteWebElement.java:111)\r\n\tat pageObjectsTest.LoginPagetest.validUsername(LoginPagetest.java:56)\r\n\tat stepdefinations.LoginStepstest.user_enters_the_valid_username(LoginStepstest.java:101)\r\n\tat âœ½.user enters the Valid Username(file:///C:/Users/sheet/eclipse-workspace/DSALGO/src/test/java/features/Array.feature:10)\r\n"},"stage":"finished","steps":[],"attachments":[],"parameters":[],"start":1697491375440,"stop":1697491376282},{"name":"And  enter Valid Password","status":"skipped","statusDetails":{"known":false,"muted":false,"flaky":false},"stage":"finished","steps":[],"attachments":[],"parameters":[],"start":1697491376288,"stop":1697491376289},{"name":"And  user click the login button","status":"skipped","statusDetails":{"known":false,"muted":false,"flaky":false},"stage":"finished","steps":[],"attachments":[],"parameters":[],"start":1697491376290,"stop":1697491376617},{"name":"Then  user should successfully login into Homepage","status":"skipped","statusDetails":{"known":false,"muted":false,"flaky":false},"stage":"finished","steps":[],"attachments":[],"parameters":[],"start":1697491376651,"stop":1697491376652},{"name":"When  user clicks array get started button","status":"skipped","statusDetails":{"known":false,"muted":false,"flaky":false},"stage":"finished","steps":[],"attachments":[],"parameters":[],"start":1697491376657,"stop":1697491376658},{"name":"And  user navigates to array page","status":"skipped","statusDetails":{"known":false,"muted":false,"flaky":false},"stage":"finished","steps":[],"attachments":[],"parameters":[],"start":1697491376661,"stop":1697491376662},{"name":"When  user clicks arrays in python link","status":"skipped","statusDetails":{"known":false,"muted":false,"flaky":false},"stage":"finished","steps":[],"attachments":[],"parameters":[],"start":1697491376706,"stop":1697491376708},{"name":"Then  user should be redirected to arrays in python page","status":"skipped","statusDetails":{"known":false,"muted":false,"flaky":false},"stage":"finished","steps":[],"attachments":[],"parameters":[],"start":1697491376708,"stop":1697491376710},{"name":"When  user clicks try here button","status":"skipped","statusDetails":{"known":false,"muted":false,"flaky":false},"stage":"finished","steps":[],"attachments":[],"parameters":[],"start":1697491376710,"stop":1697491376711},{"name":"And  user should be redirected to page with run button","status":"skipped","statusDetails":{"known":false,"muted":false,"flaky":false},"stage":"finished","steps":[],"attachments":[],"parameters":[],"start":1697491376712,"stop":1697491376713},{"name":"When  user enters code in the text editor and clicks the run button","status":"skipped","statusDetails":{"known":false,"muted":false,"flaky":false},"stage":"finished","steps":[],"attachments":[],"parameters":[],"start":1697491376713,"stop":1697491376714},{"name":"Then  the user gets an alert and accepts it","status":"skipped","statusDetails":{"known":false,"muted":false,"flaky":false},"stage":"finished","steps":[],"attachments":[],"parameters":[],"start":1697491376714,"stop":1697491376715}],"attachments":[],"parameters":[],"start":1697491343236,"stop":1697491376746}