<html>
<head>
<title>TestNG:  Testonmyedge</title>
<link href="../testng.css" rel="stylesheet" type="text/css" />
<link href="../my-testng.css" rel="stylesheet" type="text/css" />

<style type="text/css">
.log { display: none;} 
.stack-trace { display: none;} 
</style>
<script type="text/javascript">
<!--
function flip(e) {
  current = e.style.display;
  if (current == 'block') {
    e.style.display = 'none';
    return 0;
  }
  else {
    e.style.display = 'block';
    return 1;
  }
}

function toggleBox(szDivId, elem, msg1, msg2)
{
  var res = -1;  if (document.getElementById) {
    res = flip(document.getElementById(szDivId));
  }
  else if (document.all) {
    // this is the way old msie versions work
    res = flip(document.all[szDivId]);
  }
  if(elem) {
    if(res == 0) elem.innerHTML = msg1; else elem.innerHTML = msg2;
  }

}

function toggleAllBoxes() {
  if (document.getElementsByTagName) {
    d = document.getElementsByTagName('div');
    for (i = 0; i < d.length; i++) {
      if (d[i].className == 'log') {
        flip(d[i]);
      }
    }
  }
}

// -->
</script>

</head>
<body>
<h2 align='center'>Testonmyedge</h2><table border='1' align="center">
<tr>
<td>Tests passed/Failed/Skipped:</td><td>18/1/0</td>
</tr><tr>
<td>Started on:</td><td>Wed Oct 18 02:50:32 EDT 2023</td>
</tr>
<tr><td>Total time:</td><td>140 seconds (140655 ms)</td>
</tr><tr>
<td>Included groups:</td><td></td>
</tr><tr>
<td>Excluded groups:</td><td></td>
</tr>
</table><p/>
<small><i>(Hover the method name to see the test class name)</i></small><p/>
<table width='100%' border='1' class='invocation-failed'>
<tr><td colspan='4' align='center'><b>FAILED TESTS</b></td></tr>
<tr><td><b>Test method</b></td>
<td width="30%"><b>Exception</b></td>
<td width="10%"><b>Time (seconds)</b></td>
<td><b>Instance</b></td>
</tr>
<tr>
<td title='crossBrowser.CrossBrowserQueueTesting.PracticePage()'><b>PracticePage</b><br>Test class: crossBrowser.CrossBrowserQueueTesting</td>
<td><div><pre>org.openqa.selenium.NoSuchElementException: no such element: Unable to locate element: {&quot;method&quot;:&quot;xpath&quot;,&quot;selector&quot;:&quot;//a[contains(text(),&apos;Practice Questions&apos;)]&quot;}
  (Session info: MicrosoftEdge=118.0.2088.46)
For documentation on this error, please visit: https://www.selenium.dev/documentation/webdriver/troubleshooting/errors#no-such-element-exception
Build info: version: &apos;4.11.0&apos;, revision: &apos;040bc5406b&apos;
System info: os.name: &apos;Windows 11&apos;, os.arch: &apos;amd64&apos;, os.version: &apos;10.0&apos;, java.version: &apos;17.0.8&apos;
Driver info: org.openqa.selenium.edge.EdgeDriver
Command: [fb6f824fab3b14105ca91578b92e4a10, findElement {using=xpath, value=//a[contains(text(),&apos;Practice Questions&apos;)]}]
Capabilities {acceptInsecureCerts: false, browserName: msedge, browserVersion: 118.0.2088.46, fedcm:accounts: true, ms:edgeOptions: {debuggerAddress: localhost:53332}, msedge: {msedgedriverVersion: 118.0.2088.46 (175bd6acfc46..., userDataDir: C:\Users\sheet\AppData\Loca...}, networkConnectionEnabled: false, pageLoadStrategy: normal, platformName: windows, proxy: Proxy(), se:cdp: ws://localhost:53332/devtoo..., se:cdpVersion: 118.0.2088.46, setWindowRect: true, strictFileInteractability: false, timeouts: {implicit: 0, pageLoad: 300000, script: 30000}, unhandledPromptBehavior: dismiss and notify, webauthn:extension:credBlob: true, webauthn:extension:largeBlob: true, webauthn:extension:minPinLength: true, webauthn:extension:prf: true, webauthn:virtualAuthenticators: true}
Session ID: fb6f824fab3b14105ca91578b92e4a10
	at org.openqa.selenium.remote.codec.w3c.W3CHttpResponseCodec.createException(W3CHttpResponseCodec.java:200)
	at org.openqa.selenium.remote.codec.w3c.W3CHttpResponseCodec.decode(W3CHttpResponseCodec.java:133)
	at org.openqa.selenium.remote.codec.w3c.W3CHttpResponseCodec.decode(W3CHttpResponseCodec.java:52)
	at org.openqa.selenium.remote.HttpCommandExecutor.execute(HttpCommandExecutor.java:191)
	at org.openqa.selenium.remote.service.DriverCommandExecutor.invokeExecute(DriverCommandExecutor.java:196)
	at org.openqa.selenium.remote.service.DriverCommandExecutor.execute(DriverCommandExecutor.java:171)
	at org.openqa.selenium.remote.RemoteWebDriver.execute(RemoteWebDriver.java:518)
	at org.openqa.selenium.remote.ElementLocation$ElementFinder$2.findElement(ElementLocation.java:165)
	at org.openqa.selenium.remote.ElementLocation.findElement(ElementLocation.java:59)
	at org.openqa.selenium.remote.RemoteWebDriver.findElement(RemoteWebDriver.java:355)
	at org.openqa.selenium.remote.RemoteWebDriver.findElement(RemoteWebDriver.java:349)
	at crossBrowser.CrossBrowserQueueTesting.PracticePage(CrossBrowserQueueTesting.java:550)
	at java.base/java.util.ArrayList.forEach(ArrayList.java:1511)
	at java.base/java.util.concurrent.FutureTask.run(FutureTask.java:264)
	at java.base/java.util.concurrent.ThreadPoolExecutor.runWorker(ThreadPoolExecutor.java:1136)
	at java.base/java.util.concurrent.ThreadPoolExecutor$Worker.run(ThreadPoolExecutor.java:635)
	at java.base/java.lang.Thread.run(Thread.java:833)
... Removed 23 stack frames</pre></div><a href='#' onClick='toggleBox("stack-trace812289240", this, "Click to show all stack frames", "Click to hide stack frames")'>Click to show all stack frames</a>
<div class='stack-trace' id='stack-trace812289240'><pre>org.openqa.selenium.NoSuchElementException: no such element: Unable to locate element: {&quot;method&quot;:&quot;xpath&quot;,&quot;selector&quot;:&quot;//a[contains(text(),&apos;Practice Questions&apos;)]&quot;}
  (Session info: MicrosoftEdge=118.0.2088.46)
For documentation on this error, please visit: https://www.selenium.dev/documentation/webdriver/troubleshooting/errors#no-such-element-exception
Build info: version: &apos;4.11.0&apos;, revision: &apos;040bc5406b&apos;
System info: os.name: &apos;Windows 11&apos;, os.arch: &apos;amd64&apos;, os.version: &apos;10.0&apos;, java.version: &apos;17.0.8&apos;
Driver info: org.openqa.selenium.edge.EdgeDriver
Command: [fb6f824fab3b14105ca91578b92e4a10, findElement {using=xpath, value=//a[contains(text(),&apos;Practice Questions&apos;)]}]
Capabilities {acceptInsecureCerts: false, browserName: msedge, browserVersion: 118.0.2088.46, fedcm:accounts: true, ms:edgeOptions: {debuggerAddress: localhost:53332}, msedge: {msedgedriverVersion: 118.0.2088.46 (175bd6acfc46..., userDataDir: C:\Users\sheet\AppData\Loca...}, networkConnectionEnabled: false, pageLoadStrategy: normal, platformName: windows, proxy: Proxy(), se:cdp: ws://localhost:53332/devtoo..., se:cdpVersion: 118.0.2088.46, setWindowRect: true, strictFileInteractability: false, timeouts: {implicit: 0, pageLoad: 300000, script: 30000}, unhandledPromptBehavior: dismiss and notify, webauthn:extension:credBlob: true, webauthn:extension:largeBlob: true, webauthn:extension:minPinLength: true, webauthn:extension:prf: true, webauthn:virtualAuthenticators: true}
Session ID: fb6f824fab3b14105ca91578b92e4a10
	at java.base/jdk.internal.reflect.NativeConstructorAccessorImpl.newInstance0(Native Method)
	at java.base/jdk.internal.reflect.NativeConstructorAccessorImpl.newInstance(NativeConstructorAccessorImpl.java:77)
	at java.base/jdk.internal.reflect.DelegatingConstructorAccessorImpl.newInstance(DelegatingConstructorAccessorImpl.java:45)
	at java.base/java.lang.reflect.Constructor.newInstanceWithCaller(Constructor.java:499)
	at java.base/java.lang.reflect.Constructor.newInstance(Constructor.java:480)
	at org.openqa.selenium.remote.codec.w3c.W3CHttpResponseCodec.createException(W3CHttpResponseCodec.java:200)
	at org.openqa.selenium.remote.codec.w3c.W3CHttpResponseCodec.decode(W3CHttpResponseCodec.java:133)
	at org.openqa.selenium.remote.codec.w3c.W3CHttpResponseCodec.decode(W3CHttpResponseCodec.java:52)
	at org.openqa.selenium.remote.HttpCommandExecutor.execute(HttpCommandExecutor.java:191)
	at org.openqa.selenium.remote.service.DriverCommandExecutor.invokeExecute(DriverCommandExecutor.java:196)
	at org.openqa.selenium.remote.service.DriverCommandExecutor.execute(DriverCommandExecutor.java:171)
	at org.openqa.selenium.remote.RemoteWebDriver.execute(RemoteWebDriver.java:518)
	at org.openqa.selenium.remote.ElementLocation$ElementFinder$2.findElement(ElementLocation.java:165)
	at org.openqa.selenium.remote.ElementLocation.findElement(ElementLocation.java:59)
	at org.openqa.selenium.remote.RemoteWebDriver.findElement(RemoteWebDriver.java:355)
	at org.openqa.selenium.remote.RemoteWebDriver.findElement(RemoteWebDriver.java:349)
	at crossBrowser.CrossBrowserQueueTesting.PracticePage(CrossBrowserQueueTesting.java:550)
	at java.base/jdk.internal.reflect.NativeMethodAccessorImpl.invoke0(Native Method)
	at java.base/jdk.internal.reflect.NativeMethodAccessorImpl.invoke(NativeMethodAccessorImpl.java:77)
	at java.base/jdk.internal.reflect.DelegatingMethodAccessorImpl.invoke(DelegatingMethodAccessorImpl.java:43)
	at java.base/java.lang.reflect.Method.invoke(Method.java:568)
	at org.testng.internal.invokers.MethodInvocationHelper.invokeMethod(MethodInvocationHelper.java:135)
	at org.testng.internal.invokers.TestInvoker.invokeMethod(TestInvoker.java:673)
	at org.testng.internal.invokers.TestInvoker.invokeTestMethod(TestInvoker.java:220)
	at org.testng.internal.invokers.MethodRunner.runInSequence(MethodRunner.java:50)
	at org.testng.internal.invokers.TestInvoker$MethodInvocationAgent.invoke(TestInvoker.java:945)
	at org.testng.internal.invokers.TestInvoker.invokeTestMethods(TestInvoker.java:193)
	at org.testng.internal.invokers.TestMethodWorker.invokeTestMethods(TestMethodWorker.java:146)
	at org.testng.internal.invokers.TestMethodWorker.run(TestMethodWorker.java:128)
	at java.base/java.util.ArrayList.forEach(ArrayList.java:1511)
	at org.testng.TestRunner.privateRun(TestRunner.java:808)
	at org.testng.TestRunner.run(TestRunner.java:603)
	at org.testng.SuiteRunner.runTest(SuiteRunner.java:429)
	at org.testng.SuiteRunner.access$000(SuiteRunner.java:32)
	at org.testng.SuiteRunner$SuiteWorker.run(SuiteRunner.java:467)
	at org.testng.internal.thread.ThreadUtil.lambda$execute$0(ThreadUtil.java:58)
	at java.base/java.util.concurrent.FutureTask.run(FutureTask.java:264)
	at java.base/java.util.concurrent.ThreadPoolExecutor.runWorker(ThreadPoolExecutor.java:1136)
	at java.base/java.util.concurrent.ThreadPoolExecutor$Worker.run(ThreadPoolExecutor.java:635)
	at java.base/java.lang.Thread.run(Thread.java:833)
</pre></div></td>
<td>2</td>
<td>crossBrowser.CrossBrowserQueueTesting@62ddbd7e</td></tr>
</table><p>
<table width='100%' border='1' class='invocation-passed'>
<tr><td colspan='4' align='center'><b>PASSED TESTS</b></td></tr>
<tr><td><b>Test method</b></td>
<td width="30%"><b>Exception</b></td>
<td width="10%"><b>Time (seconds)</b></td>
<td><b>Instance</b></td>
</tr>
<tr>
<td title='crossBrowser.CrossBrowserQueueTesting.QueueOperationsPage()'><b>QueueOperationsPage</b><br>Test class: crossBrowser.CrossBrowserQueueTesting</td>
<td></td>
<td>4</td>
<td>crossBrowser.CrossBrowserQueueTesting@62ddbd7e</td></tr>
<tr>
<td title='crossBrowser.CrossBrowserQueueTesting.pythonQueueImplmentationPage()'><b>pythonQueueImplmentationPage</b><br>Test class: crossBrowser.CrossBrowserQueueTesting</td>
<td></td>
<td>2</td>
<td>crossBrowser.CrossBrowserQueueTesting@62ddbd7e</td></tr>
<tr>
<td title='crossBrowser.CrossBrowserQueueTesting.QueuePage()'><b>QueuePage</b><br>Test class: crossBrowser.CrossBrowserQueueTesting</td>
<td></td>
<td>3</td>
<td>crossBrowser.CrossBrowserQueueTesting@62ddbd7e</td></tr>
<tr>
<td title='crossBrowser.CrossBrowserQueueTesting.DequePage()'><b>DequePage</b><br>Test class: crossBrowser.CrossBrowserQueueTesting</td>
<td></td>
<td>2</td>
<td>crossBrowser.CrossBrowserQueueTesting@62ddbd7e</td></tr>
<tr>
<td title='crossBrowser.CrossBrowserQueueTesting.PrintmsgOnImplementationArray()'><b>PrintmsgOnImplementationArray</b><br>Test class: crossBrowser.CrossBrowserQueueTesting</td>
<td></td>
<td>4</td>
<td>crossBrowser.CrossBrowserQueueTesting@62ddbd7e</td></tr>
<tr>
<td title='crossBrowser.CrossBrowserQueueTesting.ErrormsgOnPrintmsgOnImplementationArray()'><b>ErrormsgOnPrintmsgOnImplementationArray</b><br>Test class: crossBrowser.CrossBrowserQueueTesting</td>
<td></td>
<td>6</td>
<td>crossBrowser.CrossBrowserQueueTesting@62ddbd7e</td></tr>
<tr>
<td title='crossBrowser.CrossBrowserQueueTesting.ErrormsgOnQueueOperations()'><b>ErrormsgOnQueueOperations</b><br>Test class: crossBrowser.CrossBrowserQueueTesting</td>
<td></td>
<td>4</td>
<td>crossBrowser.CrossBrowserQueueTesting@62ddbd7e</td></tr>
<tr>
<td title='crossBrowser.CrossBrowserQueueTesting.login()'><b>login</b><br>Test class: crossBrowser.CrossBrowserQueueTesting</td>
<td></td>
<td>3</td>
<td>crossBrowser.CrossBrowserQueueTesting@62ddbd7e</td></tr>
<tr>
<td title='crossBrowser.CrossBrowserQueueTesting.PrintmsgOnDeque()'><b>PrintmsgOnDeque</b><br>Test class: crossBrowser.CrossBrowserQueueTesting</td>
<td></td>
<td>3</td>
<td>crossBrowser.CrossBrowserQueueTesting@62ddbd7e</td></tr>
<tr>
<td title='crossBrowser.CrossBrowserQueueTesting.PrintmsgOnQueueOperations()'><b>PrintmsgOnQueueOperations</b><br>Test class: crossBrowser.CrossBrowserQueueTesting</td>
<td></td>
<td>3</td>
<td>crossBrowser.CrossBrowserQueueTesting@62ddbd7e</td></tr>
<tr>
<td title='crossBrowser.CrossBrowserQueueTesting.tryHereDeque()'><b>tryHereDeque</b><br>Test class: crossBrowser.CrossBrowserQueueTesting</td>
<td></td>
<td>4</td>
<td>crossBrowser.CrossBrowserQueueTesting@62ddbd7e</td></tr>
<tr>
<td title='crossBrowser.CrossBrowserQueueTesting.tryHereOnQueueOperations()'><b>tryHereOnQueueOperations</b><br>Test class: crossBrowser.CrossBrowserQueueTesting</td>
<td></td>
<td>3</td>
<td>crossBrowser.CrossBrowserQueueTesting@62ddbd7e</td></tr>
<tr>
<td title='crossBrowser.CrossBrowserQueueTesting.ErrormsgOnDeque()'><b>ErrormsgOnDeque</b><br>Test class: crossBrowser.CrossBrowserQueueTesting</td>
<td></td>
<td>3</td>
<td>crossBrowser.CrossBrowserQueueTesting@62ddbd7e</td></tr>
<tr>
<td title='crossBrowser.CrossBrowserQueueTesting.OnImplementationArrayPage()'><b>OnImplementationArrayPage</b><br>Test class: crossBrowser.CrossBrowserQueueTesting</td>
<td></td>
<td>4</td>
<td>crossBrowser.CrossBrowserQueueTesting@62ddbd7e</td></tr>
<tr>
<td title='crossBrowser.CrossBrowserQueueTesting.tryHereOnImplementationArray()'><b>tryHereOnImplementationArray</b><br>Test class: crossBrowser.CrossBrowserQueueTesting</td>
<td></td>
<td>3</td>
<td>crossBrowser.CrossBrowserQueueTesting@62ddbd7e</td></tr>
<tr>
<td title='crossBrowser.CrossBrowserQueueTesting.ErrormsgOnPythonImplmentation()'><b>ErrormsgOnPythonImplmentation</b><br>Test class: crossBrowser.CrossBrowserQueueTesting</td>
<td></td>
<td>4</td>
<td>crossBrowser.CrossBrowserQueueTesting@62ddbd7e</td></tr>
<tr>
<td title='crossBrowser.CrossBrowserQueueTesting.PrintmsgOnPythonImplmentation()'><b>PrintmsgOnPythonImplmentation</b><br>Test class: crossBrowser.CrossBrowserQueueTesting</td>
<td></td>
<td>4</td>
<td>crossBrowser.CrossBrowserQueueTesting@62ddbd7e</td></tr>
<tr>
<td title='crossBrowser.CrossBrowserQueueTesting.tryHerePythonImplmentation()'><b>tryHerePythonImplmentation</b><br>Test class: crossBrowser.CrossBrowserQueueTesting</td>
<td></td>
<td>3</td>
<td>crossBrowser.CrossBrowserQueueTesting@62ddbd7e</td></tr>
</table><p>
</body>
</html>