{"uid":"428f7a0f0a7bea16","name":"user navigates to Implementation in Python Page","fullName":"src/test/resources/features/Tree.feature:310","historyId":"123f287d88f30e3bf5a94dee4644cf5c","time":{"start":1697471664148,"stop":1697471664155,"duration":7},"description":"  I want to use this feature to test the page functionality","descriptionHtml":"<p>I want to use this feature to test the page functionality</p>\n","status":"skipped","statusMessage":"Undefined Step. Please add step definition","statusTrace":"java.lang.IllegalStateException: Undefined Step. Please add step definition\r\n\tat io.qameta.allure.cucumber7jvm.AllureCucumber7Jvm.handlePickleStep(AllureCucumber7Jvm.java:423)\r\n\tat io.qameta.allure.cucumber7jvm.AllureCucumber7Jvm.handleTestStepFinished(AllureCucumber7Jvm.java:251)\r\n\tat io.cucumber.core.eventbus.AbstractEventPublisher.send(AbstractEventPublisher.java:51)\r\n\tat io.cucumber.core.eventbus.AbstractEventBus.send(AbstractEventBus.java:12)\r\n\tat io.cucumber.core.runtime.SynchronizedEventBus.send(SynchronizedEventBus.java:47)\r\n\tat io.cucumber.core.runtime.ThreadLocalRunnerSupplier$LocalEventBus.send(ThreadLocalRunnerSupplier.java:62)\r\n\tat io.cucumber.core.runner.TestStep.emitTestStepFinished(TestStep.java:116)\r\n\tat io.cucumber.core.runner.TestStep.run(TestStep.java:67)\r\n\tat io.cucumber.core.runner.PickleStepTestStep.run(PickleStepTestStep.java:51)\r\n\tat io.cucumber.core.runner.TestCase.run(TestCase.java:84)\r\n\tat io.cucumber.core.runner.Runner.runPickle(Runner.java:75)\r\n\tat io.cucumber.junit.PickleRunners$NoStepDescriptions.lambda$run$0(PickleRunners.java:151)\r\n\tat io.cucumber.core.runtime.CucumberExecutionContext.lambda$runTestCase$5(CucumberExecutionContext.java:137)\r\n\tat io.cucumber.core.runtime.RethrowingThrowableCollector.executeAndThrow(RethrowingThrowableCollector.java:23)\r\n\tat io.cucumber.core.runtime.CucumberExecutionContext.runTestCase(CucumberExecutionContext.java:137)\r\n\tat io.cucumber.junit.PickleRunners$NoStepDescriptions.run(PickleRunners.java:148)\r\n\tat io.cucumber.junit.FeatureRunner.runChild(FeatureRunner.java:144)\r\n\tat io.cucumber.junit.FeatureRunner.runChild(FeatureRunner.java:28)\r\n\tat org.junit.runners.ParentRunner$3.run(ParentRunner.java:238)\r\n\tat org.junit.runners.ParentRunner$1.schedule(ParentRunner.java:63)\r\n\tat org.junit.runners.ParentRunner.runChildren(ParentRunner.java:236)\r\n\tat org.junit.runners.ParentRunner.access$000(ParentRunner.java:53)\r\n\tat org.junit.runners.ParentRunner$2.evaluate(ParentRunner.java:229)\r\n\tat org.junit.runners.ParentRunner.run(ParentRunner.java:309)\r\n\tat io.cucumber.junit.FeatureRunner.run(FeatureRunner.java:137)\r\n\tat io.cucumber.junit.Cucumber.runChild(Cucumber.java:196)\r\n\tat io.cucumber.junit.Cucumber.runChild(Cucumber.java:89)\r\n\tat org.junit.runners.ParentRunner$3.run(ParentRunner.java:238)\r\n\tat org.junit.runners.ParentRunner$1.schedule(ParentRunner.java:63)\r\n\tat org.junit.runners.ParentRunner.runChildren(ParentRunner.java:236)\r\n\tat org.junit.runners.ParentRunner.access$000(ParentRunner.java:53)\r\n\tat org.junit.runners.ParentRunner$2.evaluate(ParentRunner.java:229)\r\n\tat io.cucumber.core.runtime.CucumberExecutionContext.lambda$runFeatures$6(CucumberExecutionContext.java:148)\r\n\tat io.cucumber.core.runtime.CucumberExecutionContext.execute(CucumberExecutionContext.java:163)\r\n\tat io.cucumber.core.runtime.CucumberExecutionContext.runFeatures(CucumberExecutionContext.java:146)\r\n\tat io.cucumber.junit.Cucumber$StartAndFinishTestRun.evaluate(Cucumber.java:226)\r\n\tat org.junit.runners.ParentRunner.run(ParentRunner.java:309)\r\n\tat org.junit.runner.JUnitCore.run(JUnitCore.java:160)\r\n\tat org.junit.runner.JUnitCore.run(JUnitCore.java:138)\r\n\tat org.testng.junit.JUnit4TestRunner.start(JUnit4TestRunner.java:76)\r\n\tat org.testng.junit.JUnit4TestRunner.run(JUnit4TestRunner.java:61)\r\n\tat org.testng.TestRunner$1.run(TestRunner.java:691)\r\n\tat java.base/java.util.ArrayList.forEach(ArrayList.java:1511)\r\n\tat org.testng.TestRunner.runJUnitWorkers(TestRunner.java:908)\r\n\tat org.testng.TestRunner.privateRunJUnit(TestRunner.java:720)\r\n\tat org.testng.TestRunner.run(TestRunner.java:600)\r\n\tat org.testng.SuiteRunner.runTest(SuiteRunner.java:437)\r\n\tat org.testng.SuiteRunner.runSequentially(SuiteRunner.java:431)\r\n\tat org.testng.SuiteRunner.privateRun(SuiteRunner.java:391)\r\n\tat org.testng.SuiteRunner.run(SuiteRunner.java:330)\r\n\tat org.testng.SuiteRunnerWorker.runSuite(SuiteRunnerWorker.java:52)\r\n\tat org.testng.SuiteRunnerWorker.run(SuiteRunnerWorker.java:95)\r\n\tat org.testng.TestNG.runSuitesSequentially(TestNG.java:1256)\r\n\tat org.testng.TestNG.runSuitesLocally(TestNG.java:1176)\r\n\tat org.testng.TestNG.runSuites(TestNG.java:1099)\r\n\tat org.testng.TestNG.run(TestNG.java:1067)\r\n\tat org.apache.maven.surefire.testng.TestNGExecutor.run(TestNGExecutor.java:155)\r\n\tat org.apache.maven.surefire.testng.TestNGDirectoryTestSuite.executeSingleClass(TestNGDirectoryTestSuite.java:102)\r\n\tat org.apache.maven.surefire.testng.TestNGDirectoryTestSuite.execute(TestNGDirectoryTestSuite.java:91)\r\n\tat org.apache.maven.surefire.testng.TestNGProvider.invoke(TestNGProvider.java:137)\r\n\tat org.apache.maven.surefire.booter.ForkedBooter.runSuitesInProcess(ForkedBooter.java:385)\r\n\tat org.apache.maven.surefire.booter.ForkedBooter.execute(ForkedBooter.java:162)\r\n\tat org.apache.maven.surefire.booter.ForkedBooter.run(ForkedBooter.java:507)\r\n\tat org.apache.maven.surefire.booter.ForkedBooter.main(ForkedBooter.java:495)\r\n","flaky":false,"newFailed":false,"newBroken":false,"newPassed":false,"retriesCount":28,"retriesStatusChange":true,"beforeStages":[],"testStage":{"description":"  I want to use this feature to test the page functionality","status":"skipped","statusMessage":"Undefined Step. Please add step definition","statusTrace":"java.lang.IllegalStateException: Undefined Step. Please add step definition\r\n\tat io.qameta.allure.cucumber7jvm.AllureCucumber7Jvm.handlePickleStep(AllureCucumber7Jvm.java:423)\r\n\tat io.qameta.allure.cucumber7jvm.AllureCucumber7Jvm.handleTestStepFinished(AllureCucumber7Jvm.java:251)\r\n\tat io.cucumber.core.eventbus.AbstractEventPublisher.send(AbstractEventPublisher.java:51)\r\n\tat io.cucumber.core.eventbus.AbstractEventBus.send(AbstractEventBus.java:12)\r\n\tat io.cucumber.core.runtime.SynchronizedEventBus.send(SynchronizedEventBus.java:47)\r\n\tat io.cucumber.core.runtime.ThreadLocalRunnerSupplier$LocalEventBus.send(ThreadLocalRunnerSupplier.java:62)\r\n\tat io.cucumber.core.runner.TestStep.emitTestStepFinished(TestStep.java:116)\r\n\tat io.cucumber.core.runner.TestStep.run(TestStep.java:67)\r\n\tat io.cucumber.core.runner.PickleStepTestStep.run(PickleStepTestStep.java:51)\r\n\tat io.cucumber.core.runner.TestCase.run(TestCase.java:84)\r\n\tat io.cucumber.core.runner.Runner.runPickle(Runner.java:75)\r\n\tat io.cucumber.junit.PickleRunners$NoStepDescriptions.lambda$run$0(PickleRunners.java:151)\r\n\tat io.cucumber.core.runtime.CucumberExecutionContext.lambda$runTestCase$5(CucumberExecutionContext.java:137)\r\n\tat io.cucumber.core.runtime.RethrowingThrowableCollector.executeAndThrow(RethrowingThrowableCollector.java:23)\r\n\tat io.cucumber.core.runtime.CucumberExecutionContext.runTestCase(CucumberExecutionContext.java:137)\r\n\tat io.cucumber.junit.PickleRunners$NoStepDescriptions.run(PickleRunners.java:148)\r\n\tat io.cucumber.junit.FeatureRunner.runChild(FeatureRunner.java:144)\r\n\tat io.cucumber.junit.FeatureRunner.runChild(FeatureRunner.java:28)\r\n\tat org.junit.runners.ParentRunner$3.run(ParentRunner.java:238)\r\n\tat org.junit.runners.ParentRunner$1.schedule(ParentRunner.java:63)\r\n\tat org.junit.runners.ParentRunner.runChildren(ParentRunner.java:236)\r\n\tat org.junit.runners.ParentRunner.access$000(ParentRunner.java:53)\r\n\tat org.junit.runners.ParentRunner$2.evaluate(ParentRunner.java:229)\r\n\tat org.junit.runners.ParentRunner.run(ParentRunner.java:309)\r\n\tat io.cucumber.junit.FeatureRunner.run(FeatureRunner.java:137)\r\n\tat io.cucumber.junit.Cucumber.runChild(Cucumber.java:196)\r\n\tat io.cucumber.junit.Cucumber.runChild(Cucumber.java:89)\r\n\tat org.junit.runners.ParentRunner$3.run(ParentRunner.java:238)\r\n\tat org.junit.runners.ParentRunner$1.schedule(ParentRunner.java:63)\r\n\tat org.junit.runners.ParentRunner.runChildren(ParentRunner.java:236)\r\n\tat org.junit.runners.ParentRunner.access$000(ParentRunner.java:53)\r\n\tat org.junit.runners.ParentRunner$2.evaluate(ParentRunner.java:229)\r\n\tat io.cucumber.core.runtime.CucumberExecutionContext.lambda$runFeatures$6(CucumberExecutionContext.java:148)\r\n\tat io.cucumber.core.runtime.CucumberExecutionContext.execute(CucumberExecutionContext.java:163)\r\n\tat io.cucumber.core.runtime.CucumberExecutionContext.runFeatures(CucumberExecutionContext.java:146)\r\n\tat io.cucumber.junit.Cucumber$StartAndFinishTestRun.evaluate(Cucumber.java:226)\r\n\tat org.junit.runners.ParentRunner.run(ParentRunner.java:309)\r\n\tat org.junit.runner.JUnitCore.run(JUnitCore.java:160)\r\n\tat org.junit.runner.JUnitCore.run(JUnitCore.java:138)\r\n\tat org.testng.junit.JUnit4TestRunner.start(JUnit4TestRunner.java:76)\r\n\tat org.testng.junit.JUnit4TestRunner.run(JUnit4TestRunner.java:61)\r\n\tat org.testng.TestRunner$1.run(TestRunner.java:691)\r\n\tat java.base/java.util.ArrayList.forEach(ArrayList.java:1511)\r\n\tat org.testng.TestRunner.runJUnitWorkers(TestRunner.java:908)\r\n\tat org.testng.TestRunner.privateRunJUnit(TestRunner.java:720)\r\n\tat org.testng.TestRunner.run(TestRunner.java:600)\r\n\tat org.testng.SuiteRunner.runTest(SuiteRunner.java:437)\r\n\tat org.testng.SuiteRunner.runSequentially(SuiteRunner.java:431)\r\n\tat org.testng.SuiteRunner.privateRun(SuiteRunner.java:391)\r\n\tat org.testng.SuiteRunner.run(SuiteRunner.java:330)\r\n\tat org.testng.SuiteRunnerWorker.runSuite(SuiteRunnerWorker.java:52)\r\n\tat org.testng.SuiteRunnerWorker.run(SuiteRunnerWorker.java:95)\r\n\tat org.testng.TestNG.runSuitesSequentially(TestNG.java:1256)\r\n\tat org.testng.TestNG.runSuitesLocally(TestNG.java:1176)\r\n\tat org.testng.TestNG.runSuites(TestNG.java:1099)\r\n\tat org.testng.TestNG.run(TestNG.java:1067)\r\n\tat org.apache.maven.surefire.testng.TestNGExecutor.run(TestNGExecutor.java:155)\r\n\tat org.apache.maven.surefire.testng.TestNGDirectoryTestSuite.executeSingleClass(TestNGDirectoryTestSuite.java:102)\r\n\tat org.apache.maven.surefire.testng.TestNGDirectoryTestSuite.execute(TestNGDirectoryTestSuite.java:91)\r\n\tat org.apache.maven.surefire.testng.TestNGProvider.invoke(TestNGProvider.java:137)\r\n\tat org.apache.maven.surefire.booter.ForkedBooter.runSuitesInProcess(ForkedBooter.java:385)\r\n\tat org.apache.maven.surefire.booter.ForkedBooter.execute(ForkedBooter.java:162)\r\n\tat org.apache.maven.surefire.booter.ForkedBooter.run(ForkedBooter.java:507)\r\n\tat org.apache.maven.surefire.booter.ForkedBooter.main(ForkedBooter.java:495)\r\n","steps":[{"name":"Given  user Launch the Browser","time":{"start":1697471664149,"stop":1697471664150,"duration":1},"status":"unknown","statusMessage":"Undefined Step. Please add step definition","statusTrace":"java.lang.IllegalStateException: Undefined Step. Please add step definition\r\n\tat io.qameta.allure.cucumber7jvm.AllureCucumber7Jvm.handlePickleStep(AllureCucumber7Jvm.java:423)\r\n\tat io.qameta.allure.cucumber7jvm.AllureCucumber7Jvm.handleTestStepFinished(AllureCucumber7Jvm.java:251)\r\n\tat io.cucumber.core.eventbus.AbstractEventPublisher.send(AbstractEventPublisher.java:51)\r\n\tat io.cucumber.core.eventbus.AbstractEventBus.send(AbstractEventBus.java:12)\r\n\tat io.cucumber.core.runtime.SynchronizedEventBus.send(SynchronizedEventBus.java:47)\r\n\tat io.cucumber.core.runtime.ThreadLocalRunnerSupplier$LocalEventBus.send(ThreadLocalRunnerSupplier.java:62)\r\n\tat io.cucumber.core.runner.TestStep.emitTestStepFinished(TestStep.java:116)\r\n\tat io.cucumber.core.runner.TestStep.run(TestStep.java:67)\r\n\tat io.cucumber.core.runner.PickleStepTestStep.run(PickleStepTestStep.java:51)\r\n\tat io.cucumber.core.runner.TestCase.run(TestCase.java:84)\r\n\tat io.cucumber.core.runner.Runner.runPickle(Runner.java:75)\r\n\tat io.cucumber.junit.PickleRunners$NoStepDescriptions.lambda$run$0(PickleRunners.java:151)\r\n\tat io.cucumber.core.runtime.CucumberExecutionContext.lambda$runTestCase$5(CucumberExecutionContext.java:137)\r\n\tat io.cucumber.core.runtime.RethrowingThrowableCollector.executeAndThrow(RethrowingThrowableCollector.java:23)\r\n\tat io.cucumber.core.runtime.CucumberExecutionContext.runTestCase(CucumberExecutionContext.java:137)\r\n\tat io.cucumber.junit.PickleRunners$NoStepDescriptions.run(PickleRunners.java:148)\r\n\tat io.cucumber.junit.FeatureRunner.runChild(FeatureRunner.java:144)\r\n\tat io.cucumber.junit.FeatureRunner.runChild(FeatureRunner.java:28)\r\n\tat org.junit.runners.ParentRunner$3.run(ParentRunner.java:238)\r\n\tat org.junit.runners.ParentRunner$1.schedule(ParentRunner.java:63)\r\n\tat org.junit.runners.ParentRunner.runChildren(ParentRunner.java:236)\r\n\tat org.junit.runners.ParentRunner.access$000(ParentRunner.java:53)\r\n\tat org.junit.runners.ParentRunner$2.evaluate(ParentRunner.java:229)\r\n\tat org.junit.runners.ParentRunner.run(ParentRunner.java:309)\r\n\tat io.cucumber.junit.FeatureRunner.run(FeatureRunner.java:137)\r\n\tat io.cucumber.junit.Cucumber.runChild(Cucumber.java:196)\r\n\tat io.cucumber.junit.Cucumber.runChild(Cucumber.java:89)\r\n\tat org.junit.runners.ParentRunner$3.run(ParentRunner.java:238)\r\n\tat org.junit.runners.ParentRunner$1.schedule(ParentRunner.java:63)\r\n\tat org.junit.runners.ParentRunner.runChildren(ParentRunner.java:236)\r\n\tat org.junit.runners.ParentRunner.access$000(ParentRunner.java:53)\r\n\tat org.junit.runners.ParentRunner$2.evaluate(ParentRunner.java:229)\r\n\tat io.cucumber.core.runtime.CucumberExecutionContext.lambda$runFeatures$6(CucumberExecutionContext.java:148)\r\n\tat io.cucumber.core.runtime.CucumberExecutionContext.execute(CucumberExecutionContext.java:163)\r\n\tat io.cucumber.core.runtime.CucumberExecutionContext.runFeatures(CucumberExecutionContext.java:146)\r\n\tat io.cucumber.junit.Cucumber$StartAndFinishTestRun.evaluate(Cucumber.java:226)\r\n\tat org.junit.runners.ParentRunner.run(ParentRunner.java:309)\r\n\tat org.junit.runner.JUnitCore.run(JUnitCore.java:160)\r\n\tat org.junit.runner.JUnitCore.run(JUnitCore.java:138)\r\n\tat org.testng.junit.JUnit4TestRunner.start(JUnit4TestRunner.java:76)\r\n\tat org.testng.junit.JUnit4TestRunner.run(JUnit4TestRunner.java:61)\r\n\tat org.testng.TestRunner$1.run(TestRunner.java:691)\r\n\tat java.base/java.util.ArrayList.forEach(ArrayList.java:1511)\r\n\tat org.testng.TestRunner.runJUnitWorkers(TestRunner.java:908)\r\n\tat org.testng.TestRunner.privateRunJUnit(TestRunner.java:720)\r\n\tat org.testng.TestRunner.run(TestRunner.java:600)\r\n\tat org.testng.SuiteRunner.runTest(SuiteRunner.java:437)\r\n\tat org.testng.SuiteRunner.runSequentially(SuiteRunner.java:431)\r\n\tat org.testng.SuiteRunner.privateRun(SuiteRunner.java:391)\r\n\tat org.testng.SuiteRunner.run(SuiteRunner.java:330)\r\n\tat org.testng.SuiteRunnerWorker.runSuite(SuiteRunnerWorker.java:52)\r\n\tat org.testng.SuiteRunnerWorker.run(SuiteRunnerWorker.java:95)\r\n\tat org.testng.TestNG.runSuitesSequentially(TestNG.java:1256)\r\n\tat org.testng.TestNG.runSuitesLocally(TestNG.java:1176)\r\n\tat org.testng.TestNG.runSuites(TestNG.java:1099)\r\n\tat org.testng.TestNG.run(TestNG.java:1067)\r\n\tat org.apache.maven.surefire.testng.TestNGExecutor.run(TestNGExecutor.java:155)\r\n\tat org.apache.maven.surefire.testng.TestNGDirectoryTestSuite.executeSingleClass(TestNGDirectoryTestSuite.java:102)\r\n\tat org.apache.maven.surefire.testng.TestNGDirectoryTestSuite.execute(TestNGDirectoryTestSuite.java:91)\r\n\tat org.apache.maven.surefire.testng.TestNGProvider.invoke(TestNGProvider.java:137)\r\n\tat org.apache.maven.surefire.booter.ForkedBooter.runSuitesInProcess(ForkedBooter.java:385)\r\n\tat org.apache.maven.surefire.booter.ForkedBooter.execute(ForkedBooter.java:162)\r\n\tat org.apache.maven.surefire.booter.ForkedBooter.run(ForkedBooter.java:507)\r\n\tat org.apache.maven.surefire.booter.ForkedBooter.main(ForkedBooter.java:495)\r\n","steps":[],"attachments":[],"parameters":[],"attachmentsCount":0,"shouldDisplayMessage":true,"hasContent":true,"attachmentStep":false,"stepsCount":0},{"name":"When  user open the Homepage of dsportal and click get started button","time":{"start":1697471664150,"stop":1697471664151,"duration":1},"status":"skipped","steps":[],"attachments":[],"parameters":[],"attachmentsCount":0,"shouldDisplayMessage":false,"hasContent":false,"attachmentStep":false,"stepsCount":0},{"name":"When  user Navigate to Sign in button","time":{"start":1697471664151,"stop":1697471664151,"duration":0},"status":"skipped","steps":[],"attachments":[],"parameters":[],"attachmentsCount":0,"shouldDisplayMessage":false,"hasContent":false,"attachmentStep":false,"stepsCount":0},{"name":"When  user enters the Valid Username","time":{"start":1697471664151,"stop":1697471664151,"duration":0},"status":"skipped","steps":[],"attachments":[],"parameters":[],"attachmentsCount":0,"shouldDisplayMessage":false,"hasContent":false,"attachmentStep":false,"stepsCount":0},{"name":"And  enter Valid Password","time":{"start":1697471664151,"stop":1697471664152,"duration":1},"status":"skipped","steps":[],"attachments":[],"parameters":[],"attachmentsCount":0,"shouldDisplayMessage":false,"hasContent":false,"attachmentStep":false,"stepsCount":0},{"name":"And  user click the login button","time":{"start":1697471664152,"stop":1697471664153,"duration":1},"status":"skipped","steps":[],"attachments":[],"parameters":[],"attachmentsCount":0,"shouldDisplayMessage":false,"hasContent":false,"attachmentStep":false,"stepsCount":0},{"name":"Then  user should successfully login into Homepage","time":{"start":1697471664153,"stop":1697471664153,"duration":0},"status":"skipped","steps":[],"attachments":[],"parameters":[],"attachmentsCount":0,"shouldDisplayMessage":false,"hasContent":false,"attachmentStep":false,"stepsCount":0},{"name":"When  user clicks Tree get started button","time":{"start":1697471664154,"stop":1697471664154,"duration":0},"status":"skipped","steps":[],"attachments":[],"parameters":[],"attachmentsCount":0,"shouldDisplayMessage":false,"hasContent":false,"attachmentStep":false,"stepsCount":0},{"name":"And  user navigates to Tree page","time":{"start":1697471664154,"stop":1697471664154,"duration":0},"status":"skipped","steps":[],"attachments":[],"parameters":[],"attachmentsCount":0,"shouldDisplayMessage":false,"hasContent":false,"attachmentStep":false,"stepsCount":0},{"name":"When  user clicks Implementation in Python","time":{"start":1697471664154,"stop":1697471664154,"duration":0},"status":"skipped","steps":[],"attachments":[],"parameters":[],"attachmentsCount":0,"shouldDisplayMessage":false,"hasContent":false,"attachmentStep":false,"stepsCount":0},{"name":"Then  user should be redirected to Implementation in Python page","time":{"start":1697471664154,"stop":1697471664155,"duration":1},"status":"skipped","steps":[],"attachments":[],"parameters":[],"attachmentsCount":0,"shouldDisplayMessage":false,"hasContent":false,"attachmentStep":false,"stepsCount":0}],"attachments":[],"parameters":[],"attachmentsCount":0,"shouldDisplayMessage":false,"hasContent":true,"attachmentStep":false,"stepsCount":11},"afterStages":[],"labels":[{"name":"tag","value":"tree"},{"name":"tag","value":"testcase104"},{"name":"host","value":"LAPTOP-68FQM03A"},{"name":"thread","value":"3076@LAPTOP-68FQM03A.main(1)"},{"name":"feature","value":"Tree"},{"name":"story","value":"user navigates to Implementation in Python Page"},{"name":"suite","value":"Tree"},{"name":"testClass","value":"user navigates to Implementation in Python Page"},{"name":"framework","value":"cucumber4jvm"},{"name":"language","value":"java"},{"name":"gherkin_uri","value":"file:///C:/Users/sheet/eclipse-workspace/DSALGO/src/test/resources/features/Tree.feature"},{"name":"package","value":"src.test.resources.features.Tree_feature.Tree"},{"name":"resultFormat","value":"allure2"}],"parameters":[],"links":[],"hidden":false,"retry":false,"extra":{"severity":"normal","retries":[{"uid":"67c336115aa53ac3","status":"skipped","statusDetails":"Undefined Step. Please add step definition","time":{"start":1697471086559,"stop":1697471086566,"duration":7}},{"uid":"2848f2c74a461321","status":"skipped","statusDetails":"Undefined Step. Please add step definition","time":{"start":1697470878225,"stop":1697470878233,"duration":8}},{"uid":"d6d71704071ea0df","status":"skipped","statusDetails":"Undefined Step. Please add step definition","time":{"start":1697445187554,"stop":1697445187560,"duration":6}},{"uid":"ae7fff81201792e","status":"skipped","statusDetails":"Undefined Step. Please add step definition","time":{"start":1697444624200,"stop":1697444624212,"duration":12}},{"uid":"6a54f7e828dffef4","status":"passed","time":{"start":1697444293194,"stop":1697444293207,"duration":13}},{"uid":"429b70f4746b5d4d","status":"passed","time":{"start":1697443655349,"stop":1697443655374,"duration":25}},{"uid":"960a98cb1708427","status":"passed","time":{"start":1697443017798,"stop":1697443017811,"duration":13}},{"uid":"4d35e7e96004c0d3","status":"passed","time":{"start":1697442545195,"stop":1697442545203,"duration":8}},{"uid":"ffb02f82d9b64454","status":"passed","time":{"start":1697441113751,"stop":1697441113757,"duration":6}},{"uid":"5abc056036ff4ce0","status":"passed","time":{"start":1697440751931,"stop":1697440751939,"duration":8}},{"uid":"115beec2640942c1","status":"passed","time":{"start":1697440208286,"stop":1697440208293,"duration":7}},{"uid":"e49b00f5f29950e8","status":"passed","time":{"start":1697439775690,"stop":1697439781621,"duration":5931}},{"uid":"99202f24e432ee1","status":"passed","time":{"start":1697436902505,"stop":1697436905846,"duration":3341}},{"uid":"aadfaac91df130c0","status":"passed","time":{"start":1697431994349,"stop":1697431999482,"duration":5133}},{"uid":"ae4f86f16934948f","status":"passed","time":{"start":1697430993014,"stop":1697430998482,"duration":5468}},{"uid":"6cb411cf97fd0b6d","status":"passed","time":{"start":1697408616228,"stop":1697408621749,"duration":5521}},{"uid":"87001edfa87c1f03","status":"passed","time":{"start":1697407667295,"stop":1697407672768,"duration":5473}},{"uid":"5130d4e7e6d2497a","status":"passed","time":{"start":1697404675493,"stop":1697404678573,"duration":3080}},{"uid":"dd0a36e172b5ee72","status":"passed","time":{"start":1697403673279,"stop":1697403676586,"duration":3307}},{"uid":"43ef9736dfa44473","status":"passed","time":{"start":1697402494759,"stop":1697402499816,"duration":5057}},{"uid":"e5e2114d75a92539","status":"skipped","statusDetails":"Undefined Step. Please add step definition","time":{"start":1697323696158,"stop":1697323696159,"duration":1}},{"uid":"34645491248e148","status":"skipped","statusDetails":"Undefined Step. Please add step definition","time":{"start":1697323148935,"stop":1697323148937,"duration":2}},{"uid":"dcb1a7caaffb635c","status":"passed","time":{"start":1697319465808,"stop":1697319468812,"duration":3004}},{"uid":"a299b573b60c7c06","status":"passed","time":{"start":1697319008724,"stop":1697319008733,"duration":9}},{"uid":"a759c57492cf2f8c","status":"passed","time":{"start":1697243236678,"stop":1697243241859,"duration":5181}},{"uid":"66c940434a2baca6","status":"skipped","statusDetails":"Undefined Step. Please add step definition","time":{"start":1697237769475,"stop":1697237769483,"duration":8}},{"uid":"fc64d8a659b5f6e9","status":"skipped","statusDetails":"Undefined Step. Please add step definition","time":{"start":1697237642636,"stop":1697237642642,"duration":6}},{"uid":"21341b02e380324a","status":"skipped","statusDetails":"Undefined Step. Please add step definition","time":{"start":1697237606072,"stop":1697237606082,"duration":10}}],"categories":[],"tags":["testcase104","tree"]},"source":"428f7a0f0a7bea16.json","parameterValues":[]}