{"uid":"664dfef3e776eaee","name":"check if user can register successfully with only valid username","fullName":"src/test/resources/features/Register.feature:17","historyId":"f5c4b23751ba494dd95b8476832c4df8","time":{"start":1697471663504,"stop":1697471663509,"duration":5},"description":"  I want to test the functionality of the registration page","descriptionHtml":"<p>I want to test the functionality of the registration page</p>\n","status":"skipped","statusMessage":"Undefined Step. Please add step definition","statusTrace":"java.lang.IllegalStateException: Undefined Step. Please add step definition\r\n\tat io.qameta.allure.cucumber7jvm.AllureCucumber7Jvm.handlePickleStep(AllureCucumber7Jvm.java:423)\r\n\tat io.qameta.allure.cucumber7jvm.AllureCucumber7Jvm.handleTestStepFinished(AllureCucumber7Jvm.java:251)\r\n\tat io.cucumber.core.eventbus.AbstractEventPublisher.send(AbstractEventPublisher.java:51)\r\n\tat io.cucumber.core.eventbus.AbstractEventBus.send(AbstractEventBus.java:12)\r\n\tat io.cucumber.core.runtime.SynchronizedEventBus.send(SynchronizedEventBus.java:47)\r\n\tat io.cucumber.core.runtime.ThreadLocalRunnerSupplier$LocalEventBus.send(ThreadLocalRunnerSupplier.java:62)\r\n\tat io.cucumber.core.runner.TestStep.emitTestStepFinished(TestStep.java:116)\r\n\tat io.cucumber.core.runner.TestStep.run(TestStep.java:67)\r\n\tat io.cucumber.core.runner.PickleStepTestStep.run(PickleStepTestStep.java:51)\r\n\tat io.cucumber.core.runner.TestCase.run(TestCase.java:84)\r\n\tat io.cucumber.core.runner.Runner.runPickle(Runner.java:75)\r\n\tat io.cucumber.junit.PickleRunners$NoStepDescriptions.lambda$run$0(PickleRunners.java:151)\r\n\tat io.cucumber.core.runtime.CucumberExecutionContext.lambda$runTestCase$5(CucumberExecutionContext.java:137)\r\n\tat io.cucumber.core.runtime.RethrowingThrowableCollector.executeAndThrow(RethrowingThrowableCollector.java:23)\r\n\tat io.cucumber.core.runtime.CucumberExecutionContext.runTestCase(CucumberExecutionContext.java:137)\r\n\tat io.cucumber.junit.PickleRunners$NoStepDescriptions.run(PickleRunners.java:148)\r\n\tat io.cucumber.junit.FeatureRunner.runChild(FeatureRunner.java:144)\r\n\tat io.cucumber.junit.FeatureRunner.runChild(FeatureRunner.java:28)\r\n\tat org.junit.runners.ParentRunner$3.run(ParentRunner.java:238)\r\n\tat org.junit.runners.ParentRunner$1.schedule(ParentRunner.java:63)\r\n\tat org.junit.runners.ParentRunner.runChildren(ParentRunner.java:236)\r\n\tat org.junit.runners.ParentRunner.access$000(ParentRunner.java:53)\r\n\tat org.junit.runners.ParentRunner$2.evaluate(ParentRunner.java:229)\r\n\tat org.junit.runners.ParentRunner.run(ParentRunner.java:309)\r\n\tat io.cucumber.junit.FeatureRunner.run(FeatureRunner.java:137)\r\n\tat io.cucumber.junit.Cucumber.runChild(Cucumber.java:196)\r\n\tat io.cucumber.junit.Cucumber.runChild(Cucumber.java:89)\r\n\tat org.junit.runners.ParentRunner$3.run(ParentRunner.java:238)\r\n\tat org.junit.runners.ParentRunner$1.schedule(ParentRunner.java:63)\r\n\tat org.junit.runners.ParentRunner.runChildren(ParentRunner.java:236)\r\n\tat org.junit.runners.ParentRunner.access$000(ParentRunner.java:53)\r\n\tat org.junit.runners.ParentRunner$2.evaluate(ParentRunner.java:229)\r\n\tat io.cucumber.core.runtime.CucumberExecutionContext.lambda$runFeatures$6(CucumberExecutionContext.java:148)\r\n\tat io.cucumber.core.runtime.CucumberExecutionContext.execute(CucumberExecutionContext.java:163)\r\n\tat io.cucumber.core.runtime.CucumberExecutionContext.runFeatures(CucumberExecutionContext.java:146)\r\n\tat io.cucumber.junit.Cucumber$StartAndFinishTestRun.evaluate(Cucumber.java:226)\r\n\tat org.junit.runners.ParentRunner.run(ParentRunner.java:309)\r\n\tat org.junit.runner.JUnitCore.run(JUnitCore.java:160)\r\n\tat org.junit.runner.JUnitCore.run(JUnitCore.java:138)\r\n\tat org.testng.junit.JUnit4TestRunner.start(JUnit4TestRunner.java:76)\r\n\tat org.testng.junit.JUnit4TestRunner.run(JUnit4TestRunner.java:61)\r\n\tat org.testng.TestRunner$1.run(TestRunner.java:691)\r\n\tat java.base/java.util.ArrayList.forEach(ArrayList.java:1511)\r\n\tat org.testng.TestRunner.runJUnitWorkers(TestRunner.java:908)\r\n\tat org.testng.TestRunner.privateRunJUnit(TestRunner.java:720)\r\n\tat org.testng.TestRunner.run(TestRunner.java:600)\r\n\tat org.testng.SuiteRunner.runTest(SuiteRunner.java:437)\r\n\tat org.testng.SuiteRunner.runSequentially(SuiteRunner.java:431)\r\n\tat org.testng.SuiteRunner.privateRun(SuiteRunner.java:391)\r\n\tat org.testng.SuiteRunner.run(SuiteRunner.java:330)\r\n\tat org.testng.SuiteRunnerWorker.runSuite(SuiteRunnerWorker.java:52)\r\n\tat org.testng.SuiteRunnerWorker.run(SuiteRunnerWorker.java:95)\r\n\tat org.testng.TestNG.runSuitesSequentially(TestNG.java:1256)\r\n\tat org.testng.TestNG.runSuitesLocally(TestNG.java:1176)\r\n\tat org.testng.TestNG.runSuites(TestNG.java:1099)\r\n\tat org.testng.TestNG.run(TestNG.java:1067)\r\n\tat org.apache.maven.surefire.testng.TestNGExecutor.run(TestNGExecutor.java:155)\r\n\tat org.apache.maven.surefire.testng.TestNGDirectoryTestSuite.executeSingleClass(TestNGDirectoryTestSuite.java:102)\r\n\tat org.apache.maven.surefire.testng.TestNGDirectoryTestSuite.execute(TestNGDirectoryTestSuite.java:91)\r\n\tat org.apache.maven.surefire.testng.TestNGProvider.invoke(TestNGProvider.java:137)\r\n\tat org.apache.maven.surefire.booter.ForkedBooter.runSuitesInProcess(ForkedBooter.java:385)\r\n\tat org.apache.maven.surefire.booter.ForkedBooter.execute(ForkedBooter.java:162)\r\n\tat org.apache.maven.surefire.booter.ForkedBooter.run(ForkedBooter.java:507)\r\n\tat org.apache.maven.surefire.booter.ForkedBooter.main(ForkedBooter.java:495)\r\n","flaky":false,"newFailed":false,"newBroken":false,"newPassed":false,"retriesCount":30,"retriesStatusChange":true,"beforeStages":[],"testStage":{"description":"  I want to test the functionality of the registration page","status":"skipped","statusMessage":"Undefined Step. Please add step definition","statusTrace":"java.lang.IllegalStateException: Undefined Step. Please add step definition\r\n\tat io.qameta.allure.cucumber7jvm.AllureCucumber7Jvm.handlePickleStep(AllureCucumber7Jvm.java:423)\r\n\tat io.qameta.allure.cucumber7jvm.AllureCucumber7Jvm.handleTestStepFinished(AllureCucumber7Jvm.java:251)\r\n\tat io.cucumber.core.eventbus.AbstractEventPublisher.send(AbstractEventPublisher.java:51)\r\n\tat io.cucumber.core.eventbus.AbstractEventBus.send(AbstractEventBus.java:12)\r\n\tat io.cucumber.core.runtime.SynchronizedEventBus.send(SynchronizedEventBus.java:47)\r\n\tat io.cucumber.core.runtime.ThreadLocalRunnerSupplier$LocalEventBus.send(ThreadLocalRunnerSupplier.java:62)\r\n\tat io.cucumber.core.runner.TestStep.emitTestStepFinished(TestStep.java:116)\r\n\tat io.cucumber.core.runner.TestStep.run(TestStep.java:67)\r\n\tat io.cucumber.core.runner.PickleStepTestStep.run(PickleStepTestStep.java:51)\r\n\tat io.cucumber.core.runner.TestCase.run(TestCase.java:84)\r\n\tat io.cucumber.core.runner.Runner.runPickle(Runner.java:75)\r\n\tat io.cucumber.junit.PickleRunners$NoStepDescriptions.lambda$run$0(PickleRunners.java:151)\r\n\tat io.cucumber.core.runtime.CucumberExecutionContext.lambda$runTestCase$5(CucumberExecutionContext.java:137)\r\n\tat io.cucumber.core.runtime.RethrowingThrowableCollector.executeAndThrow(RethrowingThrowableCollector.java:23)\r\n\tat io.cucumber.core.runtime.CucumberExecutionContext.runTestCase(CucumberExecutionContext.java:137)\r\n\tat io.cucumber.junit.PickleRunners$NoStepDescriptions.run(PickleRunners.java:148)\r\n\tat io.cucumber.junit.FeatureRunner.runChild(FeatureRunner.java:144)\r\n\tat io.cucumber.junit.FeatureRunner.runChild(FeatureRunner.java:28)\r\n\tat org.junit.runners.ParentRunner$3.run(ParentRunner.java:238)\r\n\tat org.junit.runners.ParentRunner$1.schedule(ParentRunner.java:63)\r\n\tat org.junit.runners.ParentRunner.runChildren(ParentRunner.java:236)\r\n\tat org.junit.runners.ParentRunner.access$000(ParentRunner.java:53)\r\n\tat org.junit.runners.ParentRunner$2.evaluate(ParentRunner.java:229)\r\n\tat org.junit.runners.ParentRunner.run(ParentRunner.java:309)\r\n\tat io.cucumber.junit.FeatureRunner.run(FeatureRunner.java:137)\r\n\tat io.cucumber.junit.Cucumber.runChild(Cucumber.java:196)\r\n\tat io.cucumber.junit.Cucumber.runChild(Cucumber.java:89)\r\n\tat org.junit.runners.ParentRunner$3.run(ParentRunner.java:238)\r\n\tat org.junit.runners.ParentRunner$1.schedule(ParentRunner.java:63)\r\n\tat org.junit.runners.ParentRunner.runChildren(ParentRunner.java:236)\r\n\tat org.junit.runners.ParentRunner.access$000(ParentRunner.java:53)\r\n\tat org.junit.runners.ParentRunner$2.evaluate(ParentRunner.java:229)\r\n\tat io.cucumber.core.runtime.CucumberExecutionContext.lambda$runFeatures$6(CucumberExecutionContext.java:148)\r\n\tat io.cucumber.core.runtime.CucumberExecutionContext.execute(CucumberExecutionContext.java:163)\r\n\tat io.cucumber.core.runtime.CucumberExecutionContext.runFeatures(CucumberExecutionContext.java:146)\r\n\tat io.cucumber.junit.Cucumber$StartAndFinishTestRun.evaluate(Cucumber.java:226)\r\n\tat org.junit.runners.ParentRunner.run(ParentRunner.java:309)\r\n\tat org.junit.runner.JUnitCore.run(JUnitCore.java:160)\r\n\tat org.junit.runner.JUnitCore.run(JUnitCore.java:138)\r\n\tat org.testng.junit.JUnit4TestRunner.start(JUnit4TestRunner.java:76)\r\n\tat org.testng.junit.JUnit4TestRunner.run(JUnit4TestRunner.java:61)\r\n\tat org.testng.TestRunner$1.run(TestRunner.java:691)\r\n\tat java.base/java.util.ArrayList.forEach(ArrayList.java:1511)\r\n\tat org.testng.TestRunner.runJUnitWorkers(TestRunner.java:908)\r\n\tat org.testng.TestRunner.privateRunJUnit(TestRunner.java:720)\r\n\tat org.testng.TestRunner.run(TestRunner.java:600)\r\n\tat org.testng.SuiteRunner.runTest(SuiteRunner.java:437)\r\n\tat org.testng.SuiteRunner.runSequentially(SuiteRunner.java:431)\r\n\tat org.testng.SuiteRunner.privateRun(SuiteRunner.java:391)\r\n\tat org.testng.SuiteRunner.run(SuiteRunner.java:330)\r\n\tat org.testng.SuiteRunnerWorker.runSuite(SuiteRunnerWorker.java:52)\r\n\tat org.testng.SuiteRunnerWorker.run(SuiteRunnerWorker.java:95)\r\n\tat org.testng.TestNG.runSuitesSequentially(TestNG.java:1256)\r\n\tat org.testng.TestNG.runSuitesLocally(TestNG.java:1176)\r\n\tat org.testng.TestNG.runSuites(TestNG.java:1099)\r\n\tat org.testng.TestNG.run(TestNG.java:1067)\r\n\tat org.apache.maven.surefire.testng.TestNGExecutor.run(TestNGExecutor.java:155)\r\n\tat org.apache.maven.surefire.testng.TestNGDirectoryTestSuite.executeSingleClass(TestNGDirectoryTestSuite.java:102)\r\n\tat org.apache.maven.surefire.testng.TestNGDirectoryTestSuite.execute(TestNGDirectoryTestSuite.java:91)\r\n\tat org.apache.maven.surefire.testng.TestNGProvider.invoke(TestNGProvider.java:137)\r\n\tat org.apache.maven.surefire.booter.ForkedBooter.runSuitesInProcess(ForkedBooter.java:385)\r\n\tat org.apache.maven.surefire.booter.ForkedBooter.execute(ForkedBooter.java:162)\r\n\tat org.apache.maven.surefire.booter.ForkedBooter.run(ForkedBooter.java:507)\r\n\tat org.apache.maven.surefire.booter.ForkedBooter.main(ForkedBooter.java:495)\r\n","steps":[{"name":"Given  user Launch the Browser","time":{"start":1697471663504,"stop":1697471663506,"duration":2},"status":"unknown","statusMessage":"Undefined Step. Please add step definition","statusTrace":"java.lang.IllegalStateException: Undefined Step. Please add step definition\r\n\tat io.qameta.allure.cucumber7jvm.AllureCucumber7Jvm.handlePickleStep(AllureCucumber7Jvm.java:423)\r\n\tat io.qameta.allure.cucumber7jvm.AllureCucumber7Jvm.handleTestStepFinished(AllureCucumber7Jvm.java:251)\r\n\tat io.cucumber.core.eventbus.AbstractEventPublisher.send(AbstractEventPublisher.java:51)\r\n\tat io.cucumber.core.eventbus.AbstractEventBus.send(AbstractEventBus.java:12)\r\n\tat io.cucumber.core.runtime.SynchronizedEventBus.send(SynchronizedEventBus.java:47)\r\n\tat io.cucumber.core.runtime.ThreadLocalRunnerSupplier$LocalEventBus.send(ThreadLocalRunnerSupplier.java:62)\r\n\tat io.cucumber.core.runner.TestStep.emitTestStepFinished(TestStep.java:116)\r\n\tat io.cucumber.core.runner.TestStep.run(TestStep.java:67)\r\n\tat io.cucumber.core.runner.PickleStepTestStep.run(PickleStepTestStep.java:51)\r\n\tat io.cucumber.core.runner.TestCase.run(TestCase.java:84)\r\n\tat io.cucumber.core.runner.Runner.runPickle(Runner.java:75)\r\n\tat io.cucumber.junit.PickleRunners$NoStepDescriptions.lambda$run$0(PickleRunners.java:151)\r\n\tat io.cucumber.core.runtime.CucumberExecutionContext.lambda$runTestCase$5(CucumberExecutionContext.java:137)\r\n\tat io.cucumber.core.runtime.RethrowingThrowableCollector.executeAndThrow(RethrowingThrowableCollector.java:23)\r\n\tat io.cucumber.core.runtime.CucumberExecutionContext.runTestCase(CucumberExecutionContext.java:137)\r\n\tat io.cucumber.junit.PickleRunners$NoStepDescriptions.run(PickleRunners.java:148)\r\n\tat io.cucumber.junit.FeatureRunner.runChild(FeatureRunner.java:144)\r\n\tat io.cucumber.junit.FeatureRunner.runChild(FeatureRunner.java:28)\r\n\tat org.junit.runners.ParentRunner$3.run(ParentRunner.java:238)\r\n\tat org.junit.runners.ParentRunner$1.schedule(ParentRunner.java:63)\r\n\tat org.junit.runners.ParentRunner.runChildren(ParentRunner.java:236)\r\n\tat org.junit.runners.ParentRunner.access$000(ParentRunner.java:53)\r\n\tat org.junit.runners.ParentRunner$2.evaluate(ParentRunner.java:229)\r\n\tat org.junit.runners.ParentRunner.run(ParentRunner.java:309)\r\n\tat io.cucumber.junit.FeatureRunner.run(FeatureRunner.java:137)\r\n\tat io.cucumber.junit.Cucumber.runChild(Cucumber.java:196)\r\n\tat io.cucumber.junit.Cucumber.runChild(Cucumber.java:89)\r\n\tat org.junit.runners.ParentRunner$3.run(ParentRunner.java:238)\r\n\tat org.junit.runners.ParentRunner$1.schedule(ParentRunner.java:63)\r\n\tat org.junit.runners.ParentRunner.runChildren(ParentRunner.java:236)\r\n\tat org.junit.runners.ParentRunner.access$000(ParentRunner.java:53)\r\n\tat org.junit.runners.ParentRunner$2.evaluate(ParentRunner.java:229)\r\n\tat io.cucumber.core.runtime.CucumberExecutionContext.lambda$runFeatures$6(CucumberExecutionContext.java:148)\r\n\tat io.cucumber.core.runtime.CucumberExecutionContext.execute(CucumberExecutionContext.java:163)\r\n\tat io.cucumber.core.runtime.CucumberExecutionContext.runFeatures(CucumberExecutionContext.java:146)\r\n\tat io.cucumber.junit.Cucumber$StartAndFinishTestRun.evaluate(Cucumber.java:226)\r\n\tat org.junit.runners.ParentRunner.run(ParentRunner.java:309)\r\n\tat org.junit.runner.JUnitCore.run(JUnitCore.java:160)\r\n\tat org.junit.runner.JUnitCore.run(JUnitCore.java:138)\r\n\tat org.testng.junit.JUnit4TestRunner.start(JUnit4TestRunner.java:76)\r\n\tat org.testng.junit.JUnit4TestRunner.run(JUnit4TestRunner.java:61)\r\n\tat org.testng.TestRunner$1.run(TestRunner.java:691)\r\n\tat java.base/java.util.ArrayList.forEach(ArrayList.java:1511)\r\n\tat org.testng.TestRunner.runJUnitWorkers(TestRunner.java:908)\r\n\tat org.testng.TestRunner.privateRunJUnit(TestRunner.java:720)\r\n\tat org.testng.TestRunner.run(TestRunner.java:600)\r\n\tat org.testng.SuiteRunner.runTest(SuiteRunner.java:437)\r\n\tat org.testng.SuiteRunner.runSequentially(SuiteRunner.java:431)\r\n\tat org.testng.SuiteRunner.privateRun(SuiteRunner.java:391)\r\n\tat org.testng.SuiteRunner.run(SuiteRunner.java:330)\r\n\tat org.testng.SuiteRunnerWorker.runSuite(SuiteRunnerWorker.java:52)\r\n\tat org.testng.SuiteRunnerWorker.run(SuiteRunnerWorker.java:95)\r\n\tat org.testng.TestNG.runSuitesSequentially(TestNG.java:1256)\r\n\tat org.testng.TestNG.runSuitesLocally(TestNG.java:1176)\r\n\tat org.testng.TestNG.runSuites(TestNG.java:1099)\r\n\tat org.testng.TestNG.run(TestNG.java:1067)\r\n\tat org.apache.maven.surefire.testng.TestNGExecutor.run(TestNGExecutor.java:155)\r\n\tat org.apache.maven.surefire.testng.TestNGDirectoryTestSuite.executeSingleClass(TestNGDirectoryTestSuite.java:102)\r\n\tat org.apache.maven.surefire.testng.TestNGDirectoryTestSuite.execute(TestNGDirectoryTestSuite.java:91)\r\n\tat org.apache.maven.surefire.testng.TestNGProvider.invoke(TestNGProvider.java:137)\r\n\tat org.apache.maven.surefire.booter.ForkedBooter.runSuitesInProcess(ForkedBooter.java:385)\r\n\tat org.apache.maven.surefire.booter.ForkedBooter.execute(ForkedBooter.java:162)\r\n\tat org.apache.maven.surefire.booter.ForkedBooter.run(ForkedBooter.java:507)\r\n\tat org.apache.maven.surefire.booter.ForkedBooter.main(ForkedBooter.java:495)\r\n","steps":[],"attachments":[],"parameters":[],"attachmentsCount":0,"shouldDisplayMessage":true,"hasContent":true,"attachmentStep":false,"stepsCount":0},{"name":"When  user open the Homepage of dsportal and click get started button","time":{"start":1697471663506,"stop":1697471663506,"duration":0},"status":"skipped","steps":[],"attachments":[],"parameters":[],"attachmentsCount":0,"shouldDisplayMessage":false,"hasContent":false,"attachmentStep":false,"stepsCount":0},{"name":"Given  user Navigate to the Register Page of DSPortal","time":{"start":1697471663507,"stop":1697471663507,"duration":0},"status":"skipped","steps":[],"attachments":[],"parameters":[],"attachmentsCount":0,"shouldDisplayMessage":false,"hasContent":false,"attachmentStep":false,"stepsCount":0},{"name":"And  user enters valid username \"sheetal\"","time":{"start":1697471663507,"stop":1697471663507,"duration":0},"status":"skipped","steps":[],"attachments":[],"parameters":[],"attachmentsCount":0,"shouldDisplayMessage":false,"hasContent":false,"attachmentStep":false,"stepsCount":0},{"name":"When  user clicks registration button","time":{"start":1697471663507,"stop":1697471663507,"duration":0},"status":"skipped","steps":[],"attachments":[],"parameters":[],"attachmentsCount":0,"shouldDisplayMessage":false,"hasContent":false,"attachmentStep":false,"stepsCount":0},{"name":"Then  user should get an error message below password textbox","time":{"start":1697471663508,"stop":1697471663508,"duration":0},"status":"skipped","steps":[],"attachments":[],"parameters":[],"attachmentsCount":0,"shouldDisplayMessage":false,"hasContent":false,"attachmentStep":false,"stepsCount":0}],"attachments":[],"parameters":[],"attachmentsCount":0,"shouldDisplayMessage":false,"hasContent":true,"attachmentStep":false,"stepsCount":6},"afterStages":[],"labels":[{"name":"tag","value":"registration"},{"name":"tag","value":"testcase07"},{"name":"host","value":"LAPTOP-68FQM03A"},{"name":"thread","value":"3076@LAPTOP-68FQM03A.main(1)"},{"name":"feature","value":"Registration page functionality"},{"name":"story","value":"check if user can register successfully with only valid username"},{"name":"suite","value":"Registration page functionality"},{"name":"testClass","value":"check if user can register successfully with only valid username"},{"name":"framework","value":"cucumber4jvm"},{"name":"language","value":"java"},{"name":"gherkin_uri","value":"file:///C:/Users/sheet/eclipse-workspace/DSALGO/src/test/resources/features/Register.feature"},{"name":"package","value":"src.test.resources.features.Register_feature.Registration page functionality"},{"name":"resultFormat","value":"allure2"}],"parameters":[],"links":[],"hidden":false,"retry":false,"extra":{"severity":"normal","retries":[{"uid":"e544716be027039f","status":"skipped","statusDetails":"Undefined Step. Please add step definition","time":{"start":1697471085942,"stop":1697471085953,"duration":11}},{"uid":"a72bd3c92b51de8","status":"skipped","statusDetails":"Undefined Step. Please add step definition","time":{"start":1697470877510,"stop":1697470877518,"duration":8}},{"uid":"1c2f941637c3be05","status":"skipped","statusDetails":"Undefined Step. Please add step definition","time":{"start":1697445186176,"stop":1697445186185,"duration":9}},{"uid":"ed96cde8e6508d39","status":"skipped","statusDetails":"Undefined Step. Please add step definition","time":{"start":1697444622633,"stop":1697444622645,"duration":12}},{"uid":"ef5fd2b3f9fa0b54","status":"passed","time":{"start":1697444291543,"stop":1697444291546,"duration":3}},{"uid":"2cd06a7cae01e7ba","status":"passed","time":{"start":1697443652747,"stop":1697443652766,"duration":19}},{"uid":"5ca38a234693dfbc","status":"passed","time":{"start":1697443016084,"stop":1697443016093,"duration":9}},{"uid":"6f39cb9a941ff0fc","status":"passed","time":{"start":1697442543633,"stop":1697442543639,"duration":6}},{"uid":"5f1543dab09a128d","status":"passed","time":{"start":1697441112050,"stop":1697441112054,"duration":4}},{"uid":"b541b1c4c8218968","status":"passed","time":{"start":1697440750083,"stop":1697440750093,"duration":10}},{"uid":"ddf69e46326dfc64","status":"passed","time":{"start":1697440206962,"stop":1697440206969,"duration":7}},{"uid":"ae636427baa33fd7","status":"passed","time":{"start":1697439458582,"stop":1697439466716,"duration":8134}},{"uid":"d4bf5d809a2f9b19","status":"passed","time":{"start":1697436715557,"stop":1697436718199,"duration":2642}},{"uid":"a9482af2d1a30b8b","status":"passed","time":{"start":1697431692674,"stop":1697431696676,"duration":4002}},{"uid":"22fbe8950e4339f1","status":"passed","time":{"start":1697430698048,"stop":1697430701893,"duration":3845}},{"uid":"5d510f66d5b0898e","status":"passed","time":{"start":1697408311850,"stop":1697408316018,"duration":4168}},{"uid":"9e1a769466ff8a13","status":"passed","time":{"start":1697407366786,"stop":1697407370475,"duration":3689}},{"uid":"d1a5513bb291a808","status":"passed","time":{"start":1697404492666,"stop":1697404495328,"duration":2662}},{"uid":"19da66a624a404c8","status":"passed","time":{"start":1697403489036,"stop":1697403491739,"duration":2703}},{"uid":"ddb7a9340c3acc33","status":"passed","time":{"start":1697402180508,"stop":1697402185760,"duration":5252}},{"uid":"878497a34e9880","status":"passed","time":{"start":1697339270818,"stop":1697339276229,"duration":5411}},{"uid":"242ffae064b86dba","status":"skipped","statusDetails":"Undefined Step. Please add step definition","time":{"start":1697323695656,"stop":1697323695658,"duration":2}},{"uid":"964f4d6a08737d41","status":"skipped","statusDetails":"Undefined Step. Please add step definition","time":{"start":1697323148418,"stop":1697323148421,"duration":3}},{"uid":"ad6598d8af07f4ad","status":"passed","time":{"start":1697319284132,"stop":1697319286497,"duration":2365}},{"uid":"e644dda053e08a29","status":"passed","time":{"start":1697319007812,"stop":1697319007816,"duration":4}},{"uid":"9ee3f0ba2e8d3bb4","status":"passed","time":{"start":1697247301281,"stop":1697247301325,"duration":44}},{"uid":"a101ceaf00f758ad","status":"passed","time":{"start":1697247168947,"stop":1697247173364,"duration":4417}},{"uid":"320550e3ca158c6","status":"broken","statusDetails":"Cannot invoke \"pageObjects.Registerpage.Username(String)\" because \"this.RegisterPage\" is null","time":{"start":1697246950218,"stop":1697246954275,"duration":4057}},{"uid":"3c6f4e3263c746b7","status":"broken","statusDetails":"pageObjects/RegisterPage (wrong name: pageObjects/Registerpage)","time":{"start":1697246796326,"stop":1697246800718,"duration":4392}},{"uid":"bb6dbf447e54b3bc","status":"skipped","statusDetails":"Undefined Step. Please add step definition","time":{"start":1697234510829,"stop":1697234510850,"duration":21}}],"categories":[],"tags":["testcase07","registration"]},"source":"664dfef3e776eaee.json","parameterValues":[]}