{"uid":"fce0ffd6e029a422","name":"Attempts login with specific credentials","fullName":"src/test/resources/features/Login.feature:21","historyId":"391fc1a09335c0d70b4c12341ef7b170","time":{"start":1697471663224,"stop":1697471663229,"duration":5},"description":"  I want to use this template for my feature file","descriptionHtml":"<p>I want to use this template for my feature file</p>\n","status":"skipped","statusMessage":"Undefined Step. Please add step definition","statusTrace":"java.lang.IllegalStateException: Undefined Step. Please add step definition\r\n\tat io.qameta.allure.cucumber7jvm.AllureCucumber7Jvm.handlePickleStep(AllureCucumber7Jvm.java:423)\r\n\tat io.qameta.allure.cucumber7jvm.AllureCucumber7Jvm.handleTestStepFinished(AllureCucumber7Jvm.java:251)\r\n\tat io.cucumber.core.eventbus.AbstractEventPublisher.send(AbstractEventPublisher.java:51)\r\n\tat io.cucumber.core.eventbus.AbstractEventBus.send(AbstractEventBus.java:12)\r\n\tat io.cucumber.core.runtime.SynchronizedEventBus.send(SynchronizedEventBus.java:47)\r\n\tat io.cucumber.core.runtime.ThreadLocalRunnerSupplier$LocalEventBus.send(ThreadLocalRunnerSupplier.java:62)\r\n\tat io.cucumber.core.runner.TestStep.emitTestStepFinished(TestStep.java:116)\r\n\tat io.cucumber.core.runner.TestStep.run(TestStep.java:67)\r\n\tat io.cucumber.core.runner.PickleStepTestStep.run(PickleStepTestStep.java:51)\r\n\tat io.cucumber.core.runner.TestCase.run(TestCase.java:84)\r\n\tat io.cucumber.core.runner.Runner.runPickle(Runner.java:75)\r\n\tat io.cucumber.junit.PickleRunners$NoStepDescriptions.lambda$run$0(PickleRunners.java:151)\r\n\tat io.cucumber.core.runtime.CucumberExecutionContext.lambda$runTestCase$5(CucumberExecutionContext.java:137)\r\n\tat io.cucumber.core.runtime.RethrowingThrowableCollector.executeAndThrow(RethrowingThrowableCollector.java:23)\r\n\tat io.cucumber.core.runtime.CucumberExecutionContext.runTestCase(CucumberExecutionContext.java:137)\r\n\tat io.cucumber.junit.PickleRunners$NoStepDescriptions.run(PickleRunners.java:148)\r\n\tat io.cucumber.junit.FeatureRunner.runChild(FeatureRunner.java:144)\r\n\tat io.cucumber.junit.FeatureRunner.runChild(FeatureRunner.java:28)\r\n\tat org.junit.runners.ParentRunner$3.run(ParentRunner.java:238)\r\n\tat org.junit.runners.ParentRunner$1.schedule(ParentRunner.java:63)\r\n\tat org.junit.runners.ParentRunner.runChildren(ParentRunner.java:236)\r\n\tat org.junit.runners.ParentRunner.access$000(ParentRunner.java:53)\r\n\tat org.junit.runners.ParentRunner$2.evaluate(ParentRunner.java:229)\r\n\tat org.junit.runners.ParentRunner.run(ParentRunner.java:309)\r\n\tat io.cucumber.junit.FeatureRunner.run(FeatureRunner.java:137)\r\n\tat io.cucumber.junit.Cucumber.runChild(Cucumber.java:196)\r\n\tat io.cucumber.junit.Cucumber.runChild(Cucumber.java:89)\r\n\tat org.junit.runners.ParentRunner$3.run(ParentRunner.java:238)\r\n\tat org.junit.runners.ParentRunner$1.schedule(ParentRunner.java:63)\r\n\tat org.junit.runners.ParentRunner.runChildren(ParentRunner.java:236)\r\n\tat org.junit.runners.ParentRunner.access$000(ParentRunner.java:53)\r\n\tat org.junit.runners.ParentRunner$2.evaluate(ParentRunner.java:229)\r\n\tat io.cucumber.core.runtime.CucumberExecutionContext.lambda$runFeatures$6(CucumberExecutionContext.java:148)\r\n\tat io.cucumber.core.runtime.CucumberExecutionContext.execute(CucumberExecutionContext.java:163)\r\n\tat io.cucumber.core.runtime.CucumberExecutionContext.runFeatures(CucumberExecutionContext.java:146)\r\n\tat io.cucumber.junit.Cucumber$StartAndFinishTestRun.evaluate(Cucumber.java:226)\r\n\tat org.junit.runners.ParentRunner.run(ParentRunner.java:309)\r\n\tat org.junit.runner.JUnitCore.run(JUnitCore.java:160)\r\n\tat org.junit.runner.JUnitCore.run(JUnitCore.java:138)\r\n\tat org.testng.junit.JUnit4TestRunner.start(JUnit4TestRunner.java:76)\r\n\tat org.testng.junit.JUnit4TestRunner.run(JUnit4TestRunner.java:61)\r\n\tat org.testng.TestRunner$1.run(TestRunner.java:691)\r\n\tat java.base/java.util.ArrayList.forEach(ArrayList.java:1511)\r\n\tat org.testng.TestRunner.runJUnitWorkers(TestRunner.java:908)\r\n\tat org.testng.TestRunner.privateRunJUnit(TestRunner.java:720)\r\n\tat org.testng.TestRunner.run(TestRunner.java:600)\r\n\tat org.testng.SuiteRunner.runTest(SuiteRunner.java:437)\r\n\tat org.testng.SuiteRunner.runSequentially(SuiteRunner.java:431)\r\n\tat org.testng.SuiteRunner.privateRun(SuiteRunner.java:391)\r\n\tat org.testng.SuiteRunner.run(SuiteRunner.java:330)\r\n\tat org.testng.SuiteRunnerWorker.runSuite(SuiteRunnerWorker.java:52)\r\n\tat org.testng.SuiteRunnerWorker.run(SuiteRunnerWorker.java:95)\r\n\tat org.testng.TestNG.runSuitesSequentially(TestNG.java:1256)\r\n\tat org.testng.TestNG.runSuitesLocally(TestNG.java:1176)\r\n\tat org.testng.TestNG.runSuites(TestNG.java:1099)\r\n\tat org.testng.TestNG.run(TestNG.java:1067)\r\n\tat org.apache.maven.surefire.testng.TestNGExecutor.run(TestNGExecutor.java:155)\r\n\tat org.apache.maven.surefire.testng.TestNGDirectoryTestSuite.executeSingleClass(TestNGDirectoryTestSuite.java:102)\r\n\tat org.apache.maven.surefire.testng.TestNGDirectoryTestSuite.execute(TestNGDirectoryTestSuite.java:91)\r\n\tat org.apache.maven.surefire.testng.TestNGProvider.invoke(TestNGProvider.java:137)\r\n\tat org.apache.maven.surefire.booter.ForkedBooter.runSuitesInProcess(ForkedBooter.java:385)\r\n\tat org.apache.maven.surefire.booter.ForkedBooter.execute(ForkedBooter.java:162)\r\n\tat org.apache.maven.surefire.booter.ForkedBooter.run(ForkedBooter.java:507)\r\n\tat org.apache.maven.surefire.booter.ForkedBooter.main(ForkedBooter.java:495)\r\n","flaky":false,"newFailed":false,"newBroken":false,"newPassed":false,"retriesCount":27,"retriesStatusChange":true,"beforeStages":[],"testStage":{"description":"  I want to use this template for my feature file","status":"skipped","statusMessage":"Undefined Step. Please add step definition","statusTrace":"java.lang.IllegalStateException: Undefined Step. Please add step definition\r\n\tat io.qameta.allure.cucumber7jvm.AllureCucumber7Jvm.handlePickleStep(AllureCucumber7Jvm.java:423)\r\n\tat io.qameta.allure.cucumber7jvm.AllureCucumber7Jvm.handleTestStepFinished(AllureCucumber7Jvm.java:251)\r\n\tat io.cucumber.core.eventbus.AbstractEventPublisher.send(AbstractEventPublisher.java:51)\r\n\tat io.cucumber.core.eventbus.AbstractEventBus.send(AbstractEventBus.java:12)\r\n\tat io.cucumber.core.runtime.SynchronizedEventBus.send(SynchronizedEventBus.java:47)\r\n\tat io.cucumber.core.runtime.ThreadLocalRunnerSupplier$LocalEventBus.send(ThreadLocalRunnerSupplier.java:62)\r\n\tat io.cucumber.core.runner.TestStep.emitTestStepFinished(TestStep.java:116)\r\n\tat io.cucumber.core.runner.TestStep.run(TestStep.java:67)\r\n\tat io.cucumber.core.runner.PickleStepTestStep.run(PickleStepTestStep.java:51)\r\n\tat io.cucumber.core.runner.TestCase.run(TestCase.java:84)\r\n\tat io.cucumber.core.runner.Runner.runPickle(Runner.java:75)\r\n\tat io.cucumber.junit.PickleRunners$NoStepDescriptions.lambda$run$0(PickleRunners.java:151)\r\n\tat io.cucumber.core.runtime.CucumberExecutionContext.lambda$runTestCase$5(CucumberExecutionContext.java:137)\r\n\tat io.cucumber.core.runtime.RethrowingThrowableCollector.executeAndThrow(RethrowingThrowableCollector.java:23)\r\n\tat io.cucumber.core.runtime.CucumberExecutionContext.runTestCase(CucumberExecutionContext.java:137)\r\n\tat io.cucumber.junit.PickleRunners$NoStepDescriptions.run(PickleRunners.java:148)\r\n\tat io.cucumber.junit.FeatureRunner.runChild(FeatureRunner.java:144)\r\n\tat io.cucumber.junit.FeatureRunner.runChild(FeatureRunner.java:28)\r\n\tat org.junit.runners.ParentRunner$3.run(ParentRunner.java:238)\r\n\tat org.junit.runners.ParentRunner$1.schedule(ParentRunner.java:63)\r\n\tat org.junit.runners.ParentRunner.runChildren(ParentRunner.java:236)\r\n\tat org.junit.runners.ParentRunner.access$000(ParentRunner.java:53)\r\n\tat org.junit.runners.ParentRunner$2.evaluate(ParentRunner.java:229)\r\n\tat org.junit.runners.ParentRunner.run(ParentRunner.java:309)\r\n\tat io.cucumber.junit.FeatureRunner.run(FeatureRunner.java:137)\r\n\tat io.cucumber.junit.Cucumber.runChild(Cucumber.java:196)\r\n\tat io.cucumber.junit.Cucumber.runChild(Cucumber.java:89)\r\n\tat org.junit.runners.ParentRunner$3.run(ParentRunner.java:238)\r\n\tat org.junit.runners.ParentRunner$1.schedule(ParentRunner.java:63)\r\n\tat org.junit.runners.ParentRunner.runChildren(ParentRunner.java:236)\r\n\tat org.junit.runners.ParentRunner.access$000(ParentRunner.java:53)\r\n\tat org.junit.runners.ParentRunner$2.evaluate(ParentRunner.java:229)\r\n\tat io.cucumber.core.runtime.CucumberExecutionContext.lambda$runFeatures$6(CucumberExecutionContext.java:148)\r\n\tat io.cucumber.core.runtime.CucumberExecutionContext.execute(CucumberExecutionContext.java:163)\r\n\tat io.cucumber.core.runtime.CucumberExecutionContext.runFeatures(CucumberExecutionContext.java:146)\r\n\tat io.cucumber.junit.Cucumber$StartAndFinishTestRun.evaluate(Cucumber.java:226)\r\n\tat org.junit.runners.ParentRunner.run(ParentRunner.java:309)\r\n\tat org.junit.runner.JUnitCore.run(JUnitCore.java:160)\r\n\tat org.junit.runner.JUnitCore.run(JUnitCore.java:138)\r\n\tat org.testng.junit.JUnit4TestRunner.start(JUnit4TestRunner.java:76)\r\n\tat org.testng.junit.JUnit4TestRunner.run(JUnit4TestRunner.java:61)\r\n\tat org.testng.TestRunner$1.run(TestRunner.java:691)\r\n\tat java.base/java.util.ArrayList.forEach(ArrayList.java:1511)\r\n\tat org.testng.TestRunner.runJUnitWorkers(TestRunner.java:908)\r\n\tat org.testng.TestRunner.privateRunJUnit(TestRunner.java:720)\r\n\tat org.testng.TestRunner.run(TestRunner.java:600)\r\n\tat org.testng.SuiteRunner.runTest(SuiteRunner.java:437)\r\n\tat org.testng.SuiteRunner.runSequentially(SuiteRunner.java:431)\r\n\tat org.testng.SuiteRunner.privateRun(SuiteRunner.java:391)\r\n\tat org.testng.SuiteRunner.run(SuiteRunner.java:330)\r\n\tat org.testng.SuiteRunnerWorker.runSuite(SuiteRunnerWorker.java:52)\r\n\tat org.testng.SuiteRunnerWorker.run(SuiteRunnerWorker.java:95)\r\n\tat org.testng.TestNG.runSuitesSequentially(TestNG.java:1256)\r\n\tat org.testng.TestNG.runSuitesLocally(TestNG.java:1176)\r\n\tat org.testng.TestNG.runSuites(TestNG.java:1099)\r\n\tat org.testng.TestNG.run(TestNG.java:1067)\r\n\tat org.apache.maven.surefire.testng.TestNGExecutor.run(TestNGExecutor.java:155)\r\n\tat org.apache.maven.surefire.testng.TestNGDirectoryTestSuite.executeSingleClass(TestNGDirectoryTestSuite.java:102)\r\n\tat org.apache.maven.surefire.testng.TestNGDirectoryTestSuite.execute(TestNGDirectoryTestSuite.java:91)\r\n\tat org.apache.maven.surefire.testng.TestNGProvider.invoke(TestNGProvider.java:137)\r\n\tat org.apache.maven.surefire.booter.ForkedBooter.runSuitesInProcess(ForkedBooter.java:385)\r\n\tat org.apache.maven.surefire.booter.ForkedBooter.execute(ForkedBooter.java:162)\r\n\tat org.apache.maven.surefire.booter.ForkedBooter.run(ForkedBooter.java:507)\r\n\tat org.apache.maven.surefire.booter.ForkedBooter.main(ForkedBooter.java:495)\r\n","steps":[{"name":"Given  user Launch the Browser","time":{"start":1697471663225,"stop":1697471663226,"duration":1},"status":"unknown","statusMessage":"Undefined Step. Please add step definition","statusTrace":"java.lang.IllegalStateException: Undefined Step. Please add step definition\r\n\tat io.qameta.allure.cucumber7jvm.AllureCucumber7Jvm.handlePickleStep(AllureCucumber7Jvm.java:423)\r\n\tat io.qameta.allure.cucumber7jvm.AllureCucumber7Jvm.handleTestStepFinished(AllureCucumber7Jvm.java:251)\r\n\tat io.cucumber.core.eventbus.AbstractEventPublisher.send(AbstractEventPublisher.java:51)\r\n\tat io.cucumber.core.eventbus.AbstractEventBus.send(AbstractEventBus.java:12)\r\n\tat io.cucumber.core.runtime.SynchronizedEventBus.send(SynchronizedEventBus.java:47)\r\n\tat io.cucumber.core.runtime.ThreadLocalRunnerSupplier$LocalEventBus.send(ThreadLocalRunnerSupplier.java:62)\r\n\tat io.cucumber.core.runner.TestStep.emitTestStepFinished(TestStep.java:116)\r\n\tat io.cucumber.core.runner.TestStep.run(TestStep.java:67)\r\n\tat io.cucumber.core.runner.PickleStepTestStep.run(PickleStepTestStep.java:51)\r\n\tat io.cucumber.core.runner.TestCase.run(TestCase.java:84)\r\n\tat io.cucumber.core.runner.Runner.runPickle(Runner.java:75)\r\n\tat io.cucumber.junit.PickleRunners$NoStepDescriptions.lambda$run$0(PickleRunners.java:151)\r\n\tat io.cucumber.core.runtime.CucumberExecutionContext.lambda$runTestCase$5(CucumberExecutionContext.java:137)\r\n\tat io.cucumber.core.runtime.RethrowingThrowableCollector.executeAndThrow(RethrowingThrowableCollector.java:23)\r\n\tat io.cucumber.core.runtime.CucumberExecutionContext.runTestCase(CucumberExecutionContext.java:137)\r\n\tat io.cucumber.junit.PickleRunners$NoStepDescriptions.run(PickleRunners.java:148)\r\n\tat io.cucumber.junit.FeatureRunner.runChild(FeatureRunner.java:144)\r\n\tat io.cucumber.junit.FeatureRunner.runChild(FeatureRunner.java:28)\r\n\tat org.junit.runners.ParentRunner$3.run(ParentRunner.java:238)\r\n\tat org.junit.runners.ParentRunner$1.schedule(ParentRunner.java:63)\r\n\tat org.junit.runners.ParentRunner.runChildren(ParentRunner.java:236)\r\n\tat org.junit.runners.ParentRunner.access$000(ParentRunner.java:53)\r\n\tat org.junit.runners.ParentRunner$2.evaluate(ParentRunner.java:229)\r\n\tat org.junit.runners.ParentRunner.run(ParentRunner.java:309)\r\n\tat io.cucumber.junit.FeatureRunner.run(FeatureRunner.java:137)\r\n\tat io.cucumber.junit.Cucumber.runChild(Cucumber.java:196)\r\n\tat io.cucumber.junit.Cucumber.runChild(Cucumber.java:89)\r\n\tat org.junit.runners.ParentRunner$3.run(ParentRunner.java:238)\r\n\tat org.junit.runners.ParentRunner$1.schedule(ParentRunner.java:63)\r\n\tat org.junit.runners.ParentRunner.runChildren(ParentRunner.java:236)\r\n\tat org.junit.runners.ParentRunner.access$000(ParentRunner.java:53)\r\n\tat org.junit.runners.ParentRunner$2.evaluate(ParentRunner.java:229)\r\n\tat io.cucumber.core.runtime.CucumberExecutionContext.lambda$runFeatures$6(CucumberExecutionContext.java:148)\r\n\tat io.cucumber.core.runtime.CucumberExecutionContext.execute(CucumberExecutionContext.java:163)\r\n\tat io.cucumber.core.runtime.CucumberExecutionContext.runFeatures(CucumberExecutionContext.java:146)\r\n\tat io.cucumber.junit.Cucumber$StartAndFinishTestRun.evaluate(Cucumber.java:226)\r\n\tat org.junit.runners.ParentRunner.run(ParentRunner.java:309)\r\n\tat org.junit.runner.JUnitCore.run(JUnitCore.java:160)\r\n\tat org.junit.runner.JUnitCore.run(JUnitCore.java:138)\r\n\tat org.testng.junit.JUnit4TestRunner.start(JUnit4TestRunner.java:76)\r\n\tat org.testng.junit.JUnit4TestRunner.run(JUnit4TestRunner.java:61)\r\n\tat org.testng.TestRunner$1.run(TestRunner.java:691)\r\n\tat java.base/java.util.ArrayList.forEach(ArrayList.java:1511)\r\n\tat org.testng.TestRunner.runJUnitWorkers(TestRunner.java:908)\r\n\tat org.testng.TestRunner.privateRunJUnit(TestRunner.java:720)\r\n\tat org.testng.TestRunner.run(TestRunner.java:600)\r\n\tat org.testng.SuiteRunner.runTest(SuiteRunner.java:437)\r\n\tat org.testng.SuiteRunner.runSequentially(SuiteRunner.java:431)\r\n\tat org.testng.SuiteRunner.privateRun(SuiteRunner.java:391)\r\n\tat org.testng.SuiteRunner.run(SuiteRunner.java:330)\r\n\tat org.testng.SuiteRunnerWorker.runSuite(SuiteRunnerWorker.java:52)\r\n\tat org.testng.SuiteRunnerWorker.run(SuiteRunnerWorker.java:95)\r\n\tat org.testng.TestNG.runSuitesSequentially(TestNG.java:1256)\r\n\tat org.testng.TestNG.runSuitesLocally(TestNG.java:1176)\r\n\tat org.testng.TestNG.runSuites(TestNG.java:1099)\r\n\tat org.testng.TestNG.run(TestNG.java:1067)\r\n\tat org.apache.maven.surefire.testng.TestNGExecutor.run(TestNGExecutor.java:155)\r\n\tat org.apache.maven.surefire.testng.TestNGDirectoryTestSuite.executeSingleClass(TestNGDirectoryTestSuite.java:102)\r\n\tat org.apache.maven.surefire.testng.TestNGDirectoryTestSuite.execute(TestNGDirectoryTestSuite.java:91)\r\n\tat org.apache.maven.surefire.testng.TestNGProvider.invoke(TestNGProvider.java:137)\r\n\tat org.apache.maven.surefire.booter.ForkedBooter.runSuitesInProcess(ForkedBooter.java:385)\r\n\tat org.apache.maven.surefire.booter.ForkedBooter.execute(ForkedBooter.java:162)\r\n\tat org.apache.maven.surefire.booter.ForkedBooter.run(ForkedBooter.java:507)\r\n\tat org.apache.maven.surefire.booter.ForkedBooter.main(ForkedBooter.java:495)\r\n","steps":[],"attachments":[],"parameters":[],"attachmentStep":false,"stepsCount":0,"hasContent":true,"attachmentsCount":0,"shouldDisplayMessage":true},{"name":"Given  user open the Homepage of dsportal and click get started button","time":{"start":1697471663226,"stop":1697471663226,"duration":0},"status":"skipped","steps":[],"attachments":[],"parameters":[],"attachmentStep":false,"stepsCount":0,"hasContent":false,"attachmentsCount":0,"shouldDisplayMessage":false},{"name":"When  user Navigate to Sign in button","time":{"start":1697471663227,"stop":1697471663227,"duration":0},"status":"skipped","steps":[],"attachments":[],"parameters":[],"attachmentStep":false,"stepsCount":0,"hasContent":false,"attachmentsCount":0,"shouldDisplayMessage":false},{"name":"When  user enters the user id as  \"indu\"","time":{"start":1697471663227,"stop":1697471663227,"duration":0},"status":"skipped","steps":[],"attachments":[],"parameters":[],"attachmentStep":false,"stepsCount":0,"hasContent":false,"attachmentsCount":0,"shouldDisplayMessage":false},{"name":"When  user enter  password as  \"indu1234\"","time":{"start":1697471663228,"stop":1697471663228,"duration":0},"status":"skipped","steps":[],"attachments":[],"parameters":[],"attachmentStep":false,"stepsCount":0,"hasContent":false,"attachmentsCount":0,"shouldDisplayMessage":false},{"name":"And  user click the login button","time":{"start":1697471663228,"stop":1697471663228,"duration":0},"status":"skipped","steps":[],"attachments":[],"parameters":[],"attachmentStep":false,"stepsCount":0,"hasContent":false,"attachmentsCount":0,"shouldDisplayMessage":false},{"name":"Then  user should get an alert message of Invalid Username and Password","time":{"start":1697471663228,"stop":1697471663229,"duration":1},"status":"skipped","steps":[],"attachments":[],"parameters":[],"attachmentStep":false,"stepsCount":0,"hasContent":false,"attachmentsCount":0,"shouldDisplayMessage":false}],"attachments":[],"parameters":[],"attachmentStep":false,"stepsCount":7,"hasContent":true,"attachmentsCount":0,"shouldDisplayMessage":false},"afterStages":[],"labels":[{"name":"tag","value":"LoginIn"},{"name":"tag","value":"testcase18"},{"name":"host","value":"LAPTOP-68FQM03A"},{"name":"thread","value":"3076@LAPTOP-68FQM03A.main(1)"},{"name":"feature","value":"Sign In Page"},{"name":"story","value":"Attempts login with specific credentials"},{"name":"suite","value":"Sign In Page"},{"name":"testClass","value":"Attempts login with specific credentials"},{"name":"framework","value":"cucumber4jvm"},{"name":"language","value":"java"},{"name":"gherkin_uri","value":"file:///C:/Users/sheet/eclipse-workspace/DSALGO/src/test/resources/features/Login.feature"},{"name":"package","value":"src.test.resources.features.Login_feature.Sign In Page"},{"name":"resultFormat","value":"allure2"}],"parameters":[{"name":"Password1","value":"indu1234"},{"name":"User","value":"indu"}],"links":[],"hidden":false,"retry":false,"extra":{"severity":"normal","retries":[{"uid":"71846131235fce8a","status":"skipped","statusDetails":"Undefined Step. Please add step definition","time":{"start":1697471085685,"stop":1697471085690,"duration":5}},{"uid":"46505ea8a633c65c","status":"skipped","statusDetails":"Undefined Step. Please add step definition","time":{"start":1697470877214,"stop":1697470877221,"duration":7}},{"uid":"a7274e7d8616c0b4","status":"skipped","statusDetails":"Undefined Step. Please add step definition","time":{"start":1697445185424,"stop":1697445185436,"duration":12}},{"uid":"2ab25ec78847d620","status":"skipped","statusDetails":"Undefined Step. Please add step definition","time":{"start":1697444622266,"stop":1697444622275,"duration":9}},{"uid":"20536f6f98620ca6","status":"passed","time":{"start":1697444290993,"stop":1697444290998,"duration":5}},{"uid":"49615d8f891b5030","status":"passed","time":{"start":1697443652078,"stop":1697443652089,"duration":11}},{"uid":"960d9bd3b19f03b2","status":"passed","time":{"start":1697443015404,"stop":1697443015416,"duration":12}},{"uid":"b200850c91769193","status":"passed","time":{"start":1697442543056,"stop":1697442543068,"duration":12}},{"uid":"ec741eabaabd4845","status":"passed","time":{"start":1697441111568,"stop":1697441111574,"duration":6}},{"uid":"1da9dde6f8a032f0","status":"passed","time":{"start":1697440749529,"stop":1697440749546,"duration":17}},{"uid":"68997b3f2c1942b8","status":"passed","time":{"start":1697440206277,"stop":1697440206285,"duration":8}},{"uid":"b06f34d7b4b5c41b","status":"passed","time":{"start":1697439363235,"stop":1697439367573,"duration":4338}},{"uid":"3d0737bb5b4f0292","status":"passed","time":{"start":1697436660081,"stop":1697436662892,"duration":2811}},{"uid":"2a67a40acd51ce68","status":"passed","time":{"start":1697431600513,"stop":1697431604727,"duration":4214}},{"uid":"fb2b2027fe675bea","status":"passed","time":{"start":1697430607080,"stop":1697430611407,"duration":4327}},{"uid":"a55f1be0925f4fe","status":"passed","time":{"start":1697408218397,"stop":1697408222776,"duration":4379}},{"uid":"b1433d9289b3304","status":"passed","time":{"start":1697407272023,"stop":1697407276028,"duration":4005}},{"uid":"a9e864365e3b3bb0","status":"passed","time":{"start":1697404436138,"stop":1697404438846,"duration":2708}},{"uid":"2cbed9c665641258","status":"passed","time":{"start":1697403433554,"stop":1697403436417,"duration":2863}},{"uid":"b32f92a2672d464d","status":"passed","time":{"start":1697402082393,"stop":1697402086999,"duration":4606}},{"uid":"8897449624823d24","status":"skipped","statusDetails":"Undefined Step. Please add step definition","time":{"start":1697323695449,"stop":1697323695452,"duration":3}},{"uid":"d46af8d0a2cae0da","status":"skipped","statusDetails":"Undefined Step. Please add step definition","time":{"start":1697323148223,"stop":1697323148224,"duration":1}},{"uid":"bfa93de34c8928bf","status":"passed","time":{"start":1697319229953,"stop":1697319232418,"duration":2465}},{"uid":"e196ef084c85380e","status":"passed","time":{"start":1697319007489,"stop":1697319007493,"duration":4}},{"uid":"e76fb7a6f756f341","status":"passed","time":{"start":1697242293565,"stop":1697242297756,"duration":4191}},{"uid":"94238d649ba8ace5","status":"skipped","statusDetails":"Undefined Step. Please add step definition","time":{"start":1697242170800,"stop":1697242170834,"duration":34}},{"uid":"f10237e1f9bd528a","status":"skipped","statusDetails":"Undefined Step. Please add step definition","time":{"start":1697241920011,"stop":1697241920032,"duration":21}}],"categories":[],"tags":["testcase18","LoginIn"]},"source":"fce0ffd6e029a422.json","parameterValues":["indu1234","indu"]}